============================= test session starts =============================
platform win32 -- Python 3.14.6, pytest-9.1.1, pluggy-1.6.0
rootdir: C:\Users\ChipTronics\Desktop\TouriBook\backend
plugins: anyio-4.14.2, asyncio-1.4.0
asyncio: mode=Mode.STRICT, debug=False, asyncio_default_fixture_loop_scope=None, asyncio_default_test_loop_scope=function

----------------------------- live log collection -----------------------------
DEBUG    passlib.utils.compat:__init__.py:449 loaded lazy attr 'SafeConfigParser': <class 'configparser.ConfigParser'>
DEBUG    passlib.utils.compat:__init__.py:449 loaded lazy attr 'NativeStringIO': <class '_io.StringIO'>
DEBUG    passlib.utils.compat:__init__.py:449 loaded lazy attr 'BytesIO': <class '_io.BytesIO'>
DEBUG    passlib.registry:registry.py:296 registered 'pbkdf2_sha256' handler: <class 'passlib.handlers.pbkdf2.pbkdf2_sha256'>
collected 1 item

tests/test_auth_flow.py::test_full_auth_flow 2026-08-12 16:16:34,852 INFO sqlalchemy.engine.Engine select pg_catalog.version()
2026-08-12 16:16:34 | INFO     | sqlalchemy.engine.Engine | select pg_catalog.version()

------------------------------- live log setup --------------------------------
INFO     sqlalchemy.engine.Engine:base.py:1848 select pg_catalog.version()
2026-08-12 16:16:34,852 INFO sqlalchemy.engine.Engine [raw sql] {}
2026-08-12 16:16:34 | INFO     | sqlalchemy.engine.Engine | [raw sql] {}
INFO     sqlalchemy.engine.Engine:base.py:1848 [raw sql] {}
2026-08-12 16:16:34,854 INFO sqlalchemy.engine.Engine select current_schema()
2026-08-12 16:16:34 | INFO     | sqlalchemy.engine.Engine | select current_schema()
INFO     sqlalchemy.engine.Engine:base.py:1848 select current_schema()
2026-08-12 16:16:34,854 INFO sqlalchemy.engine.Engine [raw sql] {}
2026-08-12 16:16:34 | INFO     | sqlalchemy.engine.Engine | [raw sql] {}
INFO     sqlalchemy.engine.Engine:base.py:1848 [raw sql] {}
2026-08-12 16:16:34,855 INFO sqlalchemy.engine.Engine show standard_conforming_strings
2026-08-12 16:16:34 | INFO     | sqlalchemy.engine.Engine | show standard_conforming_strings
INFO     sqlalchemy.engine.Engine:base.py:1848 show standard_conforming_strings
2026-08-12 16:16:34,855 INFO sqlalchemy.engine.Engine [raw sql] {}
2026-08-12 16:16:34 | INFO     | sqlalchemy.engine.Engine | [raw sql] {}
INFO     sqlalchemy.engine.Engine:base.py:1848 [raw sql] {}
2026-08-12 16:16:34,855 INFO sqlalchemy.engine.Engine BEGIN (implicit)
2026-08-12 16:16:34 | INFO     | sqlalchemy.engine.Engine | BEGIN (implicit)
INFO     sqlalchemy.engine.Engine:base.py:2712 BEGIN (implicit)
2026-08-12 16:16:34,858 INFO sqlalchemy.engine.Engine SELECT pg_catalog.pg_class.relname 
FROM pg_catalog.pg_class JOIN pg_catalog.pg_namespace ON pg_catalog.pg_namespace.oid = pg_catalog.pg_class.relnamespace 
WHERE pg_catalog.pg_class.relname = %(table_name)s AND pg_catalog.pg_class.relkind = ANY (ARRAY[%(param_1)s, %(param_2)s, %(param_3)s, %(param_4)s, %(param_5)s]) AND pg_catalog.pg_table_is_visible(pg_catalog.pg_class.oid) AND pg_catalog.pg_namespace.nspname != %(nspname_1)s
2026-08-12 16:16:34 | INFO     | sqlalchemy.engine.Engine | SELECT pg_catalog.pg_class.relname 
FROM pg_catalog.pg_class JOIN pg_catalog.pg_namespace ON pg_catalog.pg_namespace.oid = pg_catalog.pg_class.relnamespace 
WHERE pg_catalog.pg_class.relname = %(table_name)s AND pg_catalog.pg_class.relkind = ANY (ARRAY[%(param_1)s, %(param_2)s, %(param_3)s, %(param_4)s, %(param_5)s]) AND pg_catalog.pg_table_is_visible(pg_catalog.pg_class.oid) AND pg_catalog.pg_namespace.nspname != %(nspname_1)s
INFO     sqlalchemy.engine.Engine:base.py:1848 SELECT pg_catalog.pg_class.relname 
FROM pg_catalog.pg_class JOIN pg_catalog.pg_namespace ON pg_catalog.pg_namespace.oid = pg_catalog.pg_class.relnamespace 
WHERE pg_catalog.pg_class.relname = %(table_name)s AND pg_catalog.pg_class.relkind = ANY (ARRAY[%(param_1)s, %(param_2)s, %(param_3)s, %(param_4)s, %(param_5)s]) AND pg_catalog.pg_table_is_visible(pg_catalog.pg_class.oid) AND pg_catalog.pg_namespace.nspname != %(nspname_1)s
2026-08-12 16:16:34,858 INFO sqlalchemy.engine.Engine [generated in 0.00031s] {'table_name': 'activities', 'param_1': 'r', 'param_2': 'p', 'param_3': 'f', 'param_4': 'v', 'param_5': 'm', 'nspname_1': 'pg_catalog'}
2026-08-12 16:16:34 | INFO     | sqlalchemy.engine.Engine | [generated in 0.00031s] {'table_name': 'activities', 'param_1': 'r', 'param_2': 'p', 'param_3': 'f', 'param_4': 'v', 'param_5': 'm', 'nspname_1': 'pg_catalog'}
INFO     sqlalchemy.engine.Engine:base.py:1848 [generated in 0.00031s] {'table_name': 'activities', 'param_1': 'r', 'param_2': 'p', 'param_3': 'f', 'param_4': 'v', 'param_5': 'm', 'nspname_1': 'pg_catalog'}
2026-08-12 16:16:34,863 INFO sqlalchemy.engine.Engine SELECT pg_catalog.pg_class.relname 
FROM pg_catalog.pg_class JOIN pg_catalog.pg_namespace ON pg_catalog.pg_namespace.oid = pg_catalog.pg_class.relnamespace 
WHERE pg_catalog.pg_class.relname = %(table_name)s AND pg_catalog.pg_class.relkind = ANY (ARRAY[%(param_1)s, %(param_2)s, %(param_3)s, %(param_4)s, %(param_5)s]) AND pg_catalog.pg_table_is_visible(pg_catalog.pg_class.oid) AND pg_catalog.pg_namespace.nspname != %(nspname_1)s
2026-08-12 16:16:34 | INFO     | sqlalchemy.engine.Engine | SELECT pg_catalog.pg_class.relname 
FROM pg_catalog.pg_class JOIN pg_catalog.pg_namespace ON pg_catalog.pg_namespace.oid = pg_catalog.pg_class.relnamespace 
WHERE pg_catalog.pg_class.relname = %(table_name)s AND pg_catalog.pg_class.relkind = ANY (ARRAY[%(param_1)s, %(param_2)s, %(param_3)s, %(param_4)s, %(param_5)s]) AND pg_catalog.pg_table_is_visible(pg_catalog.pg_class.oid) AND pg_catalog.pg_namespace.nspname != %(nspname_1)s
INFO     sqlalchemy.engine.Engine:base.py:1848 SELECT pg_catalog.pg_class.relname 
FROM pg_catalog.pg_class JOIN pg_catalog.pg_namespace ON pg_catalog.pg_namespace.oid = pg_catalog.pg_class.relnamespace 
WHERE pg_catalog.pg_class.relname = %(table_name)s AND pg_catalog.pg_class.relkind = ANY (ARRAY[%(param_1)s, %(param_2)s, %(param_3)s, %(param_4)s, %(param_5)s]) AND pg_catalog.pg_table_is_visible(pg_catalog.pg_class.oid) AND pg_catalog.pg_namespace.nspname != %(nspname_1)s
2026-08-12 16:16:34,864 INFO sqlalchemy.engine.Engine [cached since 0.005453s ago] {'table_name': 'availabilities', 'param_1': 'r', 'param_2': 'p', 'param_3': 'f', 'param_4': 'v', 'param_5': 'm', 'nspname_1': 'pg_catalog'}
2026-08-12 16:16:34 | INFO     | sqlalchemy.engine.Engine | [cached since 0.005453s ago] {'table_name': 'availabilities', 'param_1': 'r', 'param_2': 'p', 'param_3': 'f', 'param_4': 'v', 'param_5': 'm', 'nspname_1': 'pg_catalog'}
INFO     sqlalchemy.engine.Engine:base.py:1848 [cached since 0.005453s ago] {'table_name': 'availabilities', 'param_1': 'r', 'param_2': 'p', 'param_3': 'f', 'param_4': 'v', 'param_5': 'm', 'nspname_1': 'pg_catalog'}
2026-08-12 16:16:34,864 INFO sqlalchemy.engine.Engine SELECT pg_catalog.pg_class.relname 
FROM pg_catalog.pg_class JOIN pg_catalog.pg_namespace ON pg_catalog.pg_namespace.oid = pg_catalog.pg_class.relnamespace 
WHERE pg_catalog.pg_class.relname = %(table_name)s AND pg_catalog.pg_class.relkind = ANY (ARRAY[%(param_1)s, %(param_2)s, %(param_3)s, %(param_4)s, %(param_5)s]) AND pg_catalog.pg_table_is_visible(pg_catalog.pg_class.oid) AND pg_catalog.pg_namespace.nspname != %(nspname_1)s
2026-08-12 16:16:34 | INFO     | sqlalchemy.engine.Engine | SELECT pg_catalog.pg_class.relname 
FROM pg_catalog.pg_class JOIN pg_catalog.pg_namespace ON pg_catalog.pg_namespace.oid = pg_catalog.pg_class.relnamespace 
WHERE pg_catalog.pg_class.relname = %(table_name)s AND pg_catalog.pg_class.relkind = ANY (ARRAY[%(param_1)s, %(param_2)s, %(param_3)s, %(param_4)s, %(param_5)s]) AND pg_catalog.pg_table_is_visible(pg_catalog.pg_class.oid) AND pg_catalog.pg_namespace.nspname != %(nspname_1)s
INFO     sqlalchemy.engine.Engine:base.py:1848 SELECT pg_catalog.pg_class.relname 
FROM pg_catalog.pg_class JOIN pg_catalog.pg_namespace ON pg_catalog.pg_namespace.oid = pg_catalog.pg_class.relnamespace 
WHERE pg_catalog.pg_class.relname = %(table_name)s AND pg_catalog.pg_class.relkind = ANY (ARRAY[%(param_1)s, %(param_2)s, %(param_3)s, %(param_4)s, %(param_5)s]) AND pg_catalog.pg_table_is_visible(pg_catalog.pg_class.oid) AND pg_catalog.pg_namespace.nspname != %(nspname_1)s
2026-08-12 16:16:34,864 INFO sqlalchemy.engine.Engine [cached since 0.006207s ago] {'table_name': 'bookings', 'param_1': 'r', 'param_2': 'p', 'param_3': 'f', 'param_4': 'v', 'param_5': 'm', 'nspname_1': 'pg_catalog'}
2026-08-12 16:16:34 | INFO     | sqlalchemy.engine.Engine | [cached since 0.006207s ago] {'table_name': 'bookings', 'param_1': 'r', 'param_2': 'p', 'param_3': 'f', 'param_4': 'v', 'param_5': 'm', 'nspname_1': 'pg_catalog'}
INFO     sqlalchemy.engine.Engine:base.py:1848 [cached since 0.006207s ago] {'table_name': 'bookings', 'param_1': 'r', 'param_2': 'p', 'param_3': 'f', 'param_4': 'v', 'param_5': 'm', 'nspname_1': 'pg_catalog'}
2026-08-12 16:16:34,865 INFO sqlalchemy.engine.Engine SELECT pg_catalog.pg_class.relname 
FROM pg_catalog.pg_class JOIN pg_catalog.pg_namespace ON pg_catalog.pg_namespace.oid = pg_catalog.pg_class.relnamespace 
WHERE pg_catalog.pg_class.relname = %(table_name)s AND pg_catalog.pg_class.relkind = ANY (ARRAY[%(param_1)s, %(param_2)s, %(param_3)s, %(param_4)s, %(param_5)s]) AND pg_catalog.pg_table_is_visible(pg_catalog.pg_class.oid) AND pg_catalog.pg_namespace.nspname != %(nspname_1)s
2026-08-12 16:16:34 | INFO     | sqlalchemy.engine.Engine | SELECT pg_catalog.pg_class.relname 
FROM pg_catalog.pg_class JOIN pg_catalog.pg_namespace ON pg_catalog.pg_namespace.oid = pg_catalog.pg_class.relnamespace 
WHERE pg_catalog.pg_class.relname = %(table_name)s AND pg_catalog.pg_class.relkind = ANY (ARRAY[%(param_1)s, %(param_2)s, %(param_3)s, %(param_4)s, %(param_5)s]) AND pg_catalog.pg_table_is_visible(pg_catalog.pg_class.oid) AND pg_catalog.pg_namespace.nspname != %(nspname_1)s
INFO     sqlalchemy.engine.Engine:base.py:1848 SELECT pg_catalog.pg_class.relname 
FROM pg_catalog.pg_class JOIN pg_catalog.pg_namespace ON pg_catalog.pg_namespace.oid = pg_catalog.pg_class.relnamespace 
WHERE pg_catalog.pg_class.relname = %(table_name)s AND pg_catalog.pg_class.relkind = ANY (ARRAY[%(param_1)s, %(param_2)s, %(param_3)s, %(param_4)s, %(param_5)s]) AND pg_catalog.pg_table_is_visible(pg_catalog.pg_class.oid) AND pg_catalog.pg_namespace.nspname != %(nspname_1)s
2026-08-12 16:16:34,865 INFO sqlalchemy.engine.Engine [cached since 0.006788s ago] {'table_name': 'categories', 'param_1': 'r', 'param_2': 'p', 'param_3': 'f', 'param_4': 'v', 'param_5': 'm', 'nspname_1': 'pg_catalog'}
2026-08-12 16:16:34 | INFO     | sqlalchemy.engine.Engine | [cached since 0.006788s ago] {'table_name': 'categories', 'param_1': 'r', 'param_2': 'p', 'param_3': 'f', 'param_4': 'v', 'param_5': 'm', 'nspname_1': 'pg_catalog'}
INFO     sqlalchemy.engine.Engine:base.py:1848 [cached since 0.006788s ago] {'table_name': 'categories', 'param_1': 'r', 'param_2': 'p', 'param_3': 'f', 'param_4': 'v', 'param_5': 'm', 'nspname_1': 'pg_catalog'}
2026-08-12 16:16:34,865 INFO sqlalchemy.engine.Engine SELECT pg_catalog.pg_class.relname 
FROM pg_catalog.pg_class JOIN pg_catalog.pg_namespace ON pg_catalog.pg_namespace.oid = pg_catalog.pg_class.relnamespace 
WHERE pg_catalog.pg_class.relname = %(table_name)s AND pg_catalog.pg_class.relkind = ANY (ARRAY[%(param_1)s, %(param_2)s, %(param_3)s, %(param_4)s, %(param_5)s]) AND pg_catalog.pg_table_is_visible(pg_catalog.pg_class.oid) AND pg_catalog.pg_namespace.nspname != %(nspname_1)s
2026-08-12 16:16:34 | INFO     | sqlalchemy.engine.Engine | SELECT pg_catalog.pg_class.relname 
FROM pg_catalog.pg_class JOIN pg_catalog.pg_namespace ON pg_catalog.pg_namespace.oid = pg_catalog.pg_class.relnamespace 
WHERE pg_catalog.pg_class.relname = %(table_name)s AND pg_catalog.pg_class.relkind = ANY (ARRAY[%(param_1)s, %(param_2)s, %(param_3)s, %(param_4)s, %(param_5)s]) AND pg_catalog.pg_table_is_visible(pg_catalog.pg_class.oid) AND pg_catalog.pg_namespace.nspname != %(nspname_1)s
INFO     sqlalchemy.engine.Engine:base.py:1848 SELECT pg_catalog.pg_class.relname 
FROM pg_catalog.pg_class JOIN pg_catalog.pg_namespace ON pg_catalog.pg_namespace.oid = pg_catalog.pg_class.relnamespace 
WHERE pg_catalog.pg_class.relname = %(table_name)s AND pg_catalog.pg_class.relkind = ANY (ARRAY[%(param_1)s, %(param_2)s, %(param_3)s, %(param_4)s, %(param_5)s]) AND pg_catalog.pg_table_is_visible(pg_catalog.pg_class.oid) AND pg_catalog.pg_namespace.nspname != %(nspname_1)s
2026-08-12 16:16:34,865 INFO sqlalchemy.engine.Engine [cached since 0.007375s ago] {'table_name': 'email_verification_tokens', 'param_1': 'r', 'param_2': 'p', 'param_3': 'f', 'param_4': 'v', 'param_5': 'm', 'nspname_1': 'pg_catalog'}
2026-08-12 16:16:34 | INFO     | sqlalchemy.engine.Engine | [cached since 0.007375s ago] {'table_name': 'email_verification_tokens', 'param_1': 'r', 'param_2': 'p', 'param_3': 'f', 'param_4': 'v', 'param_5': 'm', 'nspname_1': 'pg_catalog'}
INFO     sqlalchemy.engine.Engine:base.py:1848 [cached since 0.007375s ago] {'table_name': 'email_verification_tokens', 'param_1': 'r', 'param_2': 'p', 'param_3': 'f', 'param_4': 'v', 'param_5': 'm', 'nspname_1': 'pg_catalog'}
2026-08-12 16:16:34,866 INFO sqlalchemy.engine.Engine SELECT pg_catalog.pg_class.relname 
FROM pg_catalog.pg_class JOIN pg_catalog.pg_namespace ON pg_catalog.pg_namespace.oid = pg_catalog.pg_class.relnamespace 
WHERE pg_catalog.pg_class.relname = %(table_name)s AND pg_catalog.pg_class.relkind = ANY (ARRAY[%(param_1)s, %(param_2)s, %(param_3)s, %(param_4)s, %(param_5)s]) AND pg_catalog.pg_table_is_visible(pg_catalog.pg_class.oid) AND pg_catalog.pg_namespace.nspname != %(nspname_1)s
2026-08-12 16:16:34 | INFO     | sqlalchemy.engine.Engine | SELECT pg_catalog.pg_class.relname 
FROM pg_catalog.pg_class JOIN pg_catalog.pg_namespace ON pg_catalog.pg_namespace.oid = pg_catalog.pg_class.relnamespace 
WHERE pg_catalog.pg_class.relname = %(table_name)s AND pg_catalog.pg_class.relkind = ANY (ARRAY[%(param_1)s, %(param_2)s, %(param_3)s, %(param_4)s, %(param_5)s]) AND pg_catalog.pg_table_is_visible(pg_catalog.pg_class.oid) AND pg_catalog.pg_namespace.nspname != %(nspname_1)s
INFO     sqlalchemy.engine.Engine:base.py:1848 SELECT pg_catalog.pg_class.relname 
FROM pg_catalog.pg_class JOIN pg_catalog.pg_namespace ON pg_catalog.pg_namespace.oid = pg_catalog.pg_class.relnamespace 
WHERE pg_catalog.pg_class.relname = %(table_name)s AND pg_catalog.pg_class.relkind = ANY (ARRAY[%(param_1)s, %(param_2)s, %(param_3)s, %(param_4)s, %(param_5)s]) AND pg_catalog.pg_table_is_visible(pg_catalog.pg_class.oid) AND pg_catalog.pg_namespace.nspname != %(nspname_1)s
2026-08-12 16:16:34,866 INFO sqlalchemy.engine.Engine [cached since 0.007935s ago] {'table_name': 'favorites', 'param_1': 'r', 'param_2': 'p', 'param_3': 'f', 'param_4': 'v', 'param_5': 'm', 'nspname_1': 'pg_catalog'}
2026-08-12 16:16:34 | INFO     | sqlalchemy.engine.Engine | [cached since 0.007935s ago] {'table_name': 'favorites', 'param_1': 'r', 'param_2': 'p', 'param_3': 'f', 'param_4': 'v', 'param_5': 'm', 'nspname_1': 'pg_catalog'}
INFO     sqlalchemy.engine.Engine:base.py:1848 [cached since 0.007935s ago] {'table_name': 'favorites', 'param_1': 'r', 'param_2': 'p', 'param_3': 'f', 'param_4': 'v', 'param_5': 'm', 'nspname_1': 'pg_catalog'}
2026-08-12 16:16:34,866 INFO sqlalchemy.engine.Engine SELECT pg_catalog.pg_class.relname 
FROM pg_catalog.pg_class JOIN pg_catalog.pg_namespace ON pg_catalog.pg_namespace.oid = pg_catalog.pg_class.relnamespace 
WHERE pg_catalog.pg_class.relname = %(table_name)s AND pg_catalog.pg_class.relkind = ANY (ARRAY[%(param_1)s, %(param_2)s, %(param_3)s, %(param_4)s, %(param_5)s]) AND pg_catalog.pg_table_is_visible(pg_catalog.pg_class.oid) AND pg_catalog.pg_namespace.nspname != %(nspname_1)s
2026-08-12 16:16:34 | INFO     | sqlalchemy.engine.Engine | SELECT pg_catalog.pg_class.relname 
FROM pg_catalog.pg_class JOIN pg_catalog.pg_namespace ON pg_catalog.pg_namespace.oid = pg_catalog.pg_class.relnamespace 
WHERE pg_catalog.pg_class.relname = %(table_name)s AND pg_catalog.pg_class.relkind = ANY (ARRAY[%(param_1)s, %(param_2)s, %(param_3)s, %(param_4)s, %(param_5)s]) AND pg_catalog.pg_table_is_visible(pg_catalog.pg_class.oid) AND pg_catalog.pg_namespace.nspname != %(nspname_1)s
INFO     sqlalchemy.engine.Engine:base.py:1848 SELECT pg_catalog.pg_class.relname 
FROM pg_catalog.pg_class JOIN pg_catalog.pg_namespace ON pg_catalog.pg_namespace.oid = pg_catalog.pg_class.relnamespace 
WHERE pg_catalog.pg_class.relname = %(table_name)s AND pg_catalog.pg_class.relkind = ANY (ARRAY[%(param_1)s, %(param_2)s, %(param_3)s, %(param_4)s, %(param_5)s]) AND pg_catalog.pg_table_is_visible(pg_catalog.pg_class.oid) AND pg_catalog.pg_namespace.nspname != %(nspname_1)s
2026-08-12 16:16:34,867 INFO sqlalchemy.engine.Engine [cached since 0.008492s ago] {'table_name': 'password_reset_tokens', 'param_1': 'r', 'param_2': 'p', 'param_3': 'f', 'param_4': 'v', 'param_5': 'm', 'nspname_1': 'pg_catalog'}
2026-08-12 16:16:34 | INFO     | sqlalchemy.engine.Engine | [cached since 0.008492s ago] {'table_name': 'password_reset_tokens', 'param_1': 'r', 'param_2': 'p', 'param_3': 'f', 'param_4': 'v', 'param_5': 'm', 'nspname_1': 'pg_catalog'}
INFO     sqlalchemy.engine.Engine:base.py:1848 [cached since 0.008492s ago] {'table_name': 'password_reset_tokens', 'param_1': 'r', 'param_2': 'p', 'param_3': 'f', 'param_4': 'v', 'param_5': 'm', 'nspname_1': 'pg_catalog'}
2026-08-12 16:16:34,867 INFO sqlalchemy.engine.Engine SELECT pg_catalog.pg_class.relname 
FROM pg_catalog.pg_class JOIN pg_catalog.pg_namespace ON pg_catalog.pg_namespace.oid = pg_catalog.pg_class.relnamespace 
WHERE pg_catalog.pg_class.relname = %(table_name)s AND pg_catalog.pg_class.relkind = ANY (ARRAY[%(param_1)s, %(param_2)s, %(param_3)s, %(param_4)s, %(param_5)s]) AND pg_catalog.pg_table_is_visible(pg_catalog.pg_class.oid) AND pg_catalog.pg_namespace.nspname != %(nspname_1)s
2026-08-12 16:16:34 | INFO     | sqlalchemy.engine.Engine | SELECT pg_catalog.pg_class.relname 
FROM pg_catalog.pg_class JOIN pg_catalog.pg_namespace ON pg_catalog.pg_namespace.oid = pg_catalog.pg_class.relnamespace 
WHERE pg_catalog.pg_class.relname = %(table_name)s AND pg_catalog.pg_class.relkind = ANY (ARRAY[%(param_1)s, %(param_2)s, %(param_3)s, %(param_4)s, %(param_5)s]) AND pg_catalog.pg_table_is_visible(pg_catalog.pg_class.oid) AND pg_catalog.pg_namespace.nspname != %(nspname_1)s
INFO     sqlalchemy.engine.Engine:base.py:1848 SELECT pg_catalog.pg_class.relname 
FROM pg_catalog.pg_class JOIN pg_catalog.pg_namespace ON pg_catalog.pg_namespace.oid = pg_catalog.pg_class.relnamespace 
WHERE pg_catalog.pg_class.relname = %(table_name)s AND pg_catalog.pg_class.relkind = ANY (ARRAY[%(param_1)s, %(param_2)s, %(param_3)s, %(param_4)s, %(param_5)s]) AND pg_catalog.pg_table_is_visible(pg_catalog.pg_class.oid) AND pg_catalog.pg_namespace.nspname != %(nspname_1)s
2026-08-12 16:16:34,867 INFO sqlalchemy.engine.Engine [cached since 0.009021s ago] {'table_name': 'payments', 'param_1': 'r', 'param_2': 'p', 'param_3': 'f', 'param_4': 'v', 'param_5': 'm', 'nspname_1': 'pg_catalog'}
2026-08-12 16:16:34 | INFO     | sqlalchemy.engine.Engine | [cached since 0.009021s ago] {'table_name': 'payments', 'param_1': 'r', 'param_2': 'p', 'param_3': 'f', 'param_4': 'v', 'param_5': 'm', 'nspname_1': 'pg_catalog'}
INFO     sqlalchemy.engine.Engine:base.py:1848 [cached since 0.009021s ago] {'table_name': 'payments', 'param_1': 'r', 'param_2': 'p', 'param_3': 'f', 'param_4': 'v', 'param_5': 'm', 'nspname_1': 'pg_catalog'}
2026-08-12 16:16:34,868 INFO sqlalchemy.engine.Engine SELECT pg_catalog.pg_class.relname 
FROM pg_catalog.pg_class JOIN pg_catalog.pg_namespace ON pg_catalog.pg_namespace.oid = pg_catalog.pg_class.relnamespace 
WHERE pg_catalog.pg_class.relname = %(table_name)s AND pg_catalog.pg_class.relkind = ANY (ARRAY[%(param_1)s, %(param_2)s, %(param_3)s, %(param_4)s, %(param_5)s]) AND pg_catalog.pg_table_is_visible(pg_catalog.pg_class.oid) AND pg_catalog.pg_namespace.nspname != %(nspname_1)s
2026-08-12 16:16:34 | INFO     | sqlalchemy.engine.Engine | SELECT pg_catalog.pg_class.relname 
FROM pg_catalog.pg_class JOIN pg_catalog.pg_namespace ON pg_catalog.pg_namespace.oid = pg_catalog.pg_class.relnamespace 
WHERE pg_catalog.pg_class.relname = %(table_name)s AND pg_catalog.pg_class.relkind = ANY (ARRAY[%(param_1)s, %(param_2)s, %(param_3)s, %(param_4)s, %(param_5)s]) AND pg_catalog.pg_table_is_visible(pg_catalog.pg_class.oid) AND pg_catalog.pg_namespace.nspname != %(nspname_1)s
INFO     sqlalchemy.engine.Engine:base.py:1848 SELECT pg_catalog.pg_class.relname 
FROM pg_catalog.pg_class JOIN pg_catalog.pg_namespace ON pg_catalog.pg_namespace.oid = pg_catalog.pg_class.relnamespace 
WHERE pg_catalog.pg_class.relname = %(table_name)s AND pg_catalog.pg_class.relkind = ANY (ARRAY[%(param_1)s, %(param_2)s, %(param_3)s, %(param_4)s, %(param_5)s]) AND pg_catalog.pg_table_is_visible(pg_catalog.pg_class.oid) AND pg_catalog.pg_namespace.nspname != %(nspname_1)s
2026-08-12 16:16:34,868 INFO sqlalchemy.engine.Engine [cached since 0.009567s ago] {'table_name': 'promo_codes', 'param_1': 'r', 'param_2': 'p', 'param_3': 'f', 'param_4': 'v', 'param_5': 'm', 'nspname_1': 'pg_catalog'}
2026-08-12 16:16:34 | INFO     | sqlalchemy.engine.Engine | [cached since 0.009567s ago] {'table_name': 'promo_codes', 'param_1': 'r', 'param_2': 'p', 'param_3': 'f', 'param_4': 'v', 'param_5': 'm', 'nspname_1': 'pg_catalog'}
INFO     sqlalchemy.engine.Engine:base.py:1848 [cached since 0.009567s ago] {'table_name': 'promo_codes', 'param_1': 'r', 'param_2': 'p', 'param_3': 'f', 'param_4': 'v', 'param_5': 'm', 'nspname_1': 'pg_catalog'}
2026-08-12 16:16:34,868 INFO sqlalchemy.engine.Engine SELECT pg_catalog.pg_class.relname 
FROM pg_catalog.pg_class JOIN pg_catalog.pg_namespace ON pg_catalog.pg_namespace.oid = pg_catalog.pg_class.relnamespace 
WHERE pg_catalog.pg_class.relname = %(table_name)s AND pg_catalog.pg_class.relkind = ANY (ARRAY[%(param_1)s, %(param_2)s, %(param_3)s, %(param_4)s, %(param_5)s]) AND pg_catalog.pg_table_is_visible(pg_catalog.pg_class.oid) AND pg_catalog.pg_namespace.nspname != %(nspname_1)s
2026-08-12 16:16:34 | INFO     | sqlalchemy.engine.Engine | SELECT pg_catalog.pg_class.relname 
FROM pg_catalog.pg_class JOIN pg_catalog.pg_namespace ON pg_catalog.pg_namespace.oid = pg_catalog.pg_class.relnamespace 
WHERE pg_catalog.pg_class.relname = %(table_name)s AND pg_catalog.pg_class.relkind = ANY (ARRAY[%(param_1)s, %(param_2)s, %(param_3)s, %(param_4)s, %(param_5)s]) AND pg_catalog.pg_table_is_visible(pg_catalog.pg_class.oid) AND pg_catalog.pg_namespace.nspname != %(nspname_1)s
INFO     sqlalchemy.engine.Engine:base.py:1848 SELECT pg_catalog.pg_class.relname 
FROM pg_catalog.pg_class JOIN pg_catalog.pg_namespace ON pg_catalog.pg_namespace.oid = pg_catalog.pg_class.relnamespace 
WHERE pg_catalog.pg_class.relname = %(table_name)s AND pg_catalog.pg_class.relkind = ANY (ARRAY[%(param_1)s, %(param_2)s, %(param_3)s, %(param_4)s, %(param_5)s]) AND pg_catalog.pg_table_is_visible(pg_catalog.pg_class.oid) AND pg_catalog.pg_namespace.nspname != %(nspname_1)s
2026-08-12 16:16:34,868 INFO sqlalchemy.engine.Engine [cached since 0.0101s ago] {'table_name': 'refresh_tokens', 'param_1': 'r', 'param_2': 'p', 'param_3': 'f', 'param_4': 'v', 'param_5': 'm', 'nspname_1': 'pg_catalog'}
2026-08-12 16:16:34 | INFO     | sqlalchemy.engine.Engine | [cached since 0.0101s ago] {'table_name': 'refresh_tokens', 'param_1': 'r', 'param_2': 'p', 'param_3': 'f', 'param_4': 'v', 'param_5': 'm', 'nspname_1': 'pg_catalog'}
INFO     sqlalchemy.engine.Engine:base.py:1848 [cached since 0.0101s ago] {'table_name': 'refresh_tokens', 'param_1': 'r', 'param_2': 'p', 'param_3': 'f', 'param_4': 'v', 'param_5': 'm', 'nspname_1': 'pg_catalog'}
2026-08-12 16:16:34,869 INFO sqlalchemy.engine.Engine SELECT pg_catalog.pg_class.relname 
FROM pg_catalog.pg_class JOIN pg_catalog.pg_namespace ON pg_catalog.pg_namespace.oid = pg_catalog.pg_class.relnamespace 
WHERE pg_catalog.pg_class.relname = %(table_name)s AND pg_catalog.pg_class.relkind = ANY (ARRAY[%(param_1)s, %(param_2)s, %(param_3)s, %(param_4)s, %(param_5)s]) AND pg_catalog.pg_table_is_visible(pg_catalog.pg_class.oid) AND pg_catalog.pg_namespace.nspname != %(nspname_1)s
2026-08-12 16:16:34 | INFO     | sqlalchemy.engine.Engine | SELECT pg_catalog.pg_class.relname 
FROM pg_catalog.pg_class JOIN pg_catalog.pg_namespace ON pg_catalog.pg_namespace.oid = pg_catalog.pg_class.relnamespace 
WHERE pg_catalog.pg_class.relname = %(table_name)s AND pg_catalog.pg_class.relkind = ANY (ARRAY[%(param_1)s, %(param_2)s, %(param_3)s, %(param_4)s, %(param_5)s]) AND pg_catalog.pg_table_is_visible(pg_catalog.pg_class.oid) AND pg_catalog.pg_namespace.nspname != %(nspname_1)s
INFO     sqlalchemy.engine.Engine:base.py:1848 SELECT pg_catalog.pg_class.relname 
FROM pg_catalog.pg_class JOIN pg_catalog.pg_namespace ON pg_catalog.pg_namespace.oid = pg_catalog.pg_class.relnamespace 
WHERE pg_catalog.pg_class.relname = %(table_name)s AND pg_catalog.pg_class.relkind = ANY (ARRAY[%(param_1)s, %(param_2)s, %(param_3)s, %(param_4)s, %(param_5)s]) AND pg_catalog.pg_table_is_visible(pg_catalog.pg_class.oid) AND pg_catalog.pg_namespace.nspname != %(nspname_1)s
2026-08-12 16:16:34,869 INFO sqlalchemy.engine.Engine [cached since 0.01062s ago] {'table_name': 'reviews', 'param_1': 'r', 'param_2': 'p', 'param_3': 'f', 'param_4': 'v', 'param_5': 'm', 'nspname_1': 'pg_catalog'}
2026-08-12 16:16:34 | INFO     | sqlalchemy.engine.Engine | [cached since 0.01062s ago] {'table_name': 'reviews', 'param_1': 'r', 'param_2': 'p', 'param_3': 'f', 'param_4': 'v', 'param_5': 'm', 'nspname_1': 'pg_catalog'}
INFO     sqlalchemy.engine.Engine:base.py:1848 [cached since 0.01062s ago] {'table_name': 'reviews', 'param_1': 'r', 'param_2': 'p', 'param_3': 'f', 'param_4': 'v', 'param_5': 'm', 'nspname_1': 'pg_catalog'}
2026-08-12 16:16:34,869 INFO sqlalchemy.engine.Engine SELECT pg_catalog.pg_class.relname 
FROM pg_catalog.pg_class JOIN pg_catalog.pg_namespace ON pg_catalog.pg_namespace.oid = pg_catalog.pg_class.relnamespace 
WHERE pg_catalog.pg_class.relname = %(table_name)s AND pg_catalog.pg_class.relkind = ANY (ARRAY[%(param_1)s, %(param_2)s, %(param_3)s, %(param_4)s, %(param_5)s]) AND pg_catalog.pg_table_is_visible(pg_catalog.pg_class.oid) AND pg_catalog.pg_namespace.nspname != %(nspname_1)s
2026-08-12 16:16:34 | INFO     | sqlalchemy.engine.Engine | SELECT pg_catalog.pg_class.relname 
FROM pg_catalog.pg_class JOIN pg_catalog.pg_namespace ON pg_catalog.pg_namespace.oid = pg_catalog.pg_class.relnamespace 
WHERE pg_catalog.pg_class.relname = %(table_name)s AND pg_catalog.pg_class.relkind = ANY (ARRAY[%(param_1)s, %(param_2)s, %(param_3)s, %(param_4)s, %(param_5)s]) AND pg_catalog.pg_table_is_visible(pg_catalog.pg_class.oid) AND pg_catalog.pg_namespace.nspname != %(nspname_1)s
INFO     sqlalchemy.engine.Engine:base.py:1848 SELECT pg_catalog.pg_class.relname 
FROM pg_catalog.pg_class JOIN pg_catalog.pg_namespace ON pg_catalog.pg_namespace.oid = pg_catalog.pg_class.relnamespace 
WHERE pg_catalog.pg_class.relname = %(table_name)s AND pg_catalog.pg_class.relkind = ANY (ARRAY[%(param_1)s, %(param_2)s, %(param_3)s, %(param_4)s, %(param_5)s]) AND pg_catalog.pg_table_is_visible(pg_catalog.pg_class.oid) AND pg_catalog.pg_namespace.nspname != %(nspname_1)s
2026-08-12 16:16:34,869 INFO sqlalchemy.engine.Engine [cached since 0.01115s ago] {'table_name': 'users', 'param_1': 'r', 'param_2': 'p', 'param_3': 'f', 'param_4': 'v', 'param_5': 'm', 'nspname_1': 'pg_catalog'}
2026-08-12 16:16:34 | INFO     | sqlalchemy.engine.Engine | [cached since 0.01115s ago] {'table_name': 'users', 'param_1': 'r', 'param_2': 'p', 'param_3': 'f', 'param_4': 'v', 'param_5': 'm', 'nspname_1': 'pg_catalog'}
INFO     sqlalchemy.engine.Engine:base.py:1848 [cached since 0.01115s ago] {'table_name': 'users', 'param_1': 'r', 'param_2': 'p', 'param_3': 'f', 'param_4': 'v', 'param_5': 'm', 'nspname_1': 'pg_catalog'}
2026-08-12 16:16:34,871 INFO sqlalchemy.engine.Engine SELECT pg_catalog.pg_type.typname 
FROM pg_catalog.pg_type JOIN pg_catalog.pg_namespace ON pg_catalog.pg_namespace.oid = pg_catalog.pg_type.typnamespace 
WHERE pg_catalog.pg_type.typname = %(typname_1)s AND pg_catalog.pg_type_is_visible(pg_catalog.pg_type.oid) AND pg_catalog.pg_namespace.nspname != %(nspname_1)s
2026-08-12 16:16:34 | INFO     | sqlalchemy.engine.Engine | SELECT pg_catalog.pg_type.typname 
FROM pg_catalog.pg_type JOIN pg_catalog.pg_namespace ON pg_catalog.pg_namespace.oid = pg_catalog.pg_type.typnamespace 
WHERE pg_catalog.pg_type.typname = %(typname_1)s AND pg_catalog.pg_type_is_visible(pg_catalog.pg_type.oid) AND pg_catalog.pg_namespace.nspname != %(nspname_1)s
INFO     sqlalchemy.engine.Engine:base.py:1848 SELECT pg_catalog.pg_type.typname 
FROM pg_catalog.pg_type JOIN pg_catalog.pg_namespace ON pg_catalog.pg_namespace.oid = pg_catalog.pg_type.typnamespace 
WHERE pg_catalog.pg_type.typname = %(typname_1)s AND pg_catalog.pg_type_is_visible(pg_catalog.pg_type.oid) AND pg_catalog.pg_namespace.nspname != %(nspname_1)s
2026-08-12 16:16:34,871 INFO sqlalchemy.engine.Engine [generated in 0.00016s] {'typname_1': 'bookingstatus', 'nspname_1': 'pg_catalog'}
2026-08-12 16:16:34 | INFO     | sqlalchemy.engine.Engine | [generated in 0.00016s] {'typname_1': 'bookingstatus', 'nspname_1': 'pg_catalog'}
INFO     sqlalchemy.engine.Engine:base.py:1848 [generated in 0.00016s] {'typname_1': 'bookingstatus', 'nspname_1': 'pg_catalog'}
2026-08-12 16:16:34,872 INFO sqlalchemy.engine.Engine SELECT pg_catalog.pg_type.typname 
FROM pg_catalog.pg_type JOIN pg_catalog.pg_namespace ON pg_catalog.pg_namespace.oid = pg_catalog.pg_type.typnamespace 
WHERE pg_catalog.pg_type.typname = %(typname_1)s AND pg_catalog.pg_type_is_visible(pg_catalog.pg_type.oid) AND pg_catalog.pg_namespace.nspname != %(nspname_1)s
2026-08-12 16:16:34 | INFO     | sqlalchemy.engine.Engine | SELECT pg_catalog.pg_type.typname 
FROM pg_catalog.pg_type JOIN pg_catalog.pg_namespace ON pg_catalog.pg_namespace.oid = pg_catalog.pg_type.typnamespace 
WHERE pg_catalog.pg_type.typname = %(typname_1)s AND pg_catalog.pg_type_is_visible(pg_catalog.pg_type.oid) AND pg_catalog.pg_namespace.nspname != %(nspname_1)s
INFO     sqlalchemy.engine.Engine:base.py:1848 SELECT pg_catalog.pg_type.typname 
FROM pg_catalog.pg_type JOIN pg_catalog.pg_namespace ON pg_catalog.pg_namespace.oid = pg_catalog.pg_type.typnamespace 
WHERE pg_catalog.pg_type.typname = %(typname_1)s AND pg_catalog.pg_type_is_visible(pg_catalog.pg_type.oid) AND pg_catalog.pg_namespace.nspname != %(nspname_1)s
2026-08-12 16:16:34,872 INFO sqlalchemy.engine.Engine [cached since 0.001389s ago] {'typname_1': 'paymenttype', 'nspname_1': 'pg_catalog'}
2026-08-12 16:16:34 | INFO     | sqlalchemy.engine.Engine | [cached since 0.001389s ago] {'typname_1': 'paymenttype', 'nspname_1': 'pg_catalog'}
INFO     sqlalchemy.engine.Engine:base.py:1848 [cached since 0.001389s ago] {'typname_1': 'paymenttype', 'nspname_1': 'pg_catalog'}
2026-08-12 16:16:34,873 INFO sqlalchemy.engine.Engine SELECT pg_catalog.pg_type.typname 
FROM pg_catalog.pg_type JOIN pg_catalog.pg_namespace ON pg_catalog.pg_namespace.oid = pg_catalog.pg_type.typnamespace 
WHERE pg_catalog.pg_type.typname = %(typname_1)s AND pg_catalog.pg_type_is_visible(pg_catalog.pg_type.oid) AND pg_catalog.pg_namespace.nspname != %(nspname_1)s
2026-08-12 16:16:34 | INFO     | sqlalchemy.engine.Engine | SELECT pg_catalog.pg_type.typname 
FROM pg_catalog.pg_type JOIN pg_catalog.pg_namespace ON pg_catalog.pg_namespace.oid = pg_catalog.pg_type.typnamespace 
WHERE pg_catalog.pg_type.typname = %(typname_1)s AND pg_catalog.pg_type_is_visible(pg_catalog.pg_type.oid) AND pg_catalog.pg_namespace.nspname != %(nspname_1)s
INFO     sqlalchemy.engine.Engine:base.py:1848 SELECT pg_catalog.pg_type.typname 
FROM pg_catalog.pg_type JOIN pg_catalog.pg_namespace ON pg_catalog.pg_namespace.oid = pg_catalog.pg_type.typnamespace 
WHERE pg_catalog.pg_type.typname = %(typname_1)s AND pg_catalog.pg_type_is_visible(pg_catalog.pg_type.oid) AND pg_catalog.pg_namespace.nspname != %(nspname_1)s
2026-08-12 16:16:34,873 INFO sqlalchemy.engine.Engine [cached since 0.002234s ago] {'typname_1': 'paymentstatus', 'nspname_1': 'pg_catalog'}
2026-08-12 16:16:34 | INFO     | sqlalchemy.engine.Engine | [cached since 0.002234s ago] {'typname_1': 'paymentstatus', 'nspname_1': 'pg_catalog'}
INFO     sqlalchemy.engine.Engine:base.py:1848 [cached since 0.002234s ago] {'typname_1': 'paymentstatus', 'nspname_1': 'pg_catalog'}
2026-08-12 16:16:34,874 INFO sqlalchemy.engine.Engine SELECT pg_catalog.pg_type.typname 
FROM pg_catalog.pg_type JOIN pg_catalog.pg_namespace ON pg_catalog.pg_namespace.oid = pg_catalog.pg_type.typnamespace 
WHERE pg_catalog.pg_type.typname = %(typname_1)s AND pg_catalog.pg_type_is_visible(pg_catalog.pg_type.oid) AND pg_catalog.pg_namespace.nspname != %(nspname_1)s
2026-08-12 16:16:34 | INFO     | sqlalchemy.engine.Engine | SELECT pg_catalog.pg_type.typname 
FROM pg_catalog.pg_type JOIN pg_catalog.pg_namespace ON pg_catalog.pg_namespace.oid = pg_catalog.pg_type.typnamespace 
WHERE pg_catalog.pg_type.typname = %(typname_1)s AND pg_catalog.pg_type_is_visible(pg_catalog.pg_type.oid) AND pg_catalog.pg_namespace.nspname != %(nspname_1)s
INFO     sqlalchemy.engine.Engine:base.py:1848 SELECT pg_catalog.pg_type.typname 
FROM pg_catalog.pg_type JOIN pg_catalog.pg_namespace ON pg_catalog.pg_namespace.oid = pg_catalog.pg_type.typnamespace 
WHERE pg_catalog.pg_type.typname = %(typname_1)s AND pg_catalog.pg_type_is_visible(pg_catalog.pg_type.oid) AND pg_catalog.pg_namespace.nspname != %(nspname_1)s
2026-08-12 16:16:34,874 INFO sqlalchemy.engine.Engine [cached since 0.003232s ago] {'typname_1': 'userrole', 'nspname_1': 'pg_catalog'}
2026-08-12 16:16:34 | INFO     | sqlalchemy.engine.Engine | [cached since 0.003232s ago] {'typname_1': 'userrole', 'nspname_1': 'pg_catalog'}
INFO     sqlalchemy.engine.Engine:base.py:1848 [cached since 0.003232s ago] {'typname_1': 'userrole', 'nspname_1': 'pg_catalog'}
2026-08-12 16:16:34,875 INFO sqlalchemy.engine.Engine COMMIT
2026-08-12 16:16:34 | INFO     | sqlalchemy.engine.Engine | COMMIT
INFO     sqlalchemy.engine.Engine:base.py:2718 COMMIT
2026-08-12 16:16:34 | DEBUG    | asyncio | Using proactor: IocpProactor
-------------------------------- live log call --------------------------------
DEBUG    asyncio:proactor_events.py:633 Using proactor: IocpProactor
2026-08-12 16:16:34,891 INFO sqlalchemy.engine.Engine BEGIN (implicit)
2026-08-12 16:16:34 | INFO     | sqlalchemy.engine.Engine | BEGIN (implicit)
INFO     sqlalchemy.engine.Engine:base.py:2712 BEGIN (implicit)
2026-08-12 16:16:34,910 INFO sqlalchemy.engine.Engine SELECT users.id, users.nom, users.prenom, users.email, users.hashed_password, users.role, users.preferences, users.date_inscription, users.is_active, users.is_verified, users.email_verified_at, users.preferred_language, users.phone, users.avatar_url, users.created_at, users.updated_at 
FROM users 
WHERE users.email = %(email_1)s
2026-08-12 16:16:34 | INFO     | sqlalchemy.engine.Engine | SELECT users.id, users.nom, users.prenom, users.email, users.hashed_password, users.role, users.preferences, users.date_inscription, users.is_active, users.is_verified, users.email_verified_at, users.preferred_language, users.phone, users.avatar_url, users.created_at, users.updated_at 
FROM users 
WHERE users.email = %(email_1)s
INFO     sqlalchemy.engine.Engine:base.py:1848 SELECT users.id, users.nom, users.prenom, users.email, users.hashed_password, users.role, users.preferences, users.date_inscription, users.is_active, users.is_verified, users.email_verified_at, users.preferred_language, users.phone, users.avatar_url, users.created_at, users.updated_at 
FROM users 
WHERE users.email = %(email_1)s
2026-08-12 16:16:34,910 INFO sqlalchemy.engine.Engine [generated in 0.00023s] {'email_1': 'ali@test.com'}
2026-08-12 16:16:34 | INFO     | sqlalchemy.engine.Engine | [generated in 0.00023s] {'email_1': 'ali@test.com'}
INFO     sqlalchemy.engine.Engine:base.py:1848 [generated in 0.00023s] {'email_1': 'ali@test.com'}
2026-08-12 16:16:34,923 INFO sqlalchemy.engine.Engine INSERT INTO users (nom, prenom, email, hashed_password, role, preferences, is_active, is_verified, email_verified_at, preferred_language, phone, avatar_url) VALUES (%(nom)s, %(prenom)s, %(email)s, %(hashed_password)s, %(role)s, %(preferences)s, %(is_active)s, %(is_verified)s, %(email_verified_at)s, %(preferred_language)s, %(phone)s, %(avatar_url)s) RETURNING users.id, users.date_inscription, users.created_at, users.updated_at
2026-08-12 16:16:34 | INFO     | sqlalchemy.engine.Engine | INSERT INTO users (nom, prenom, email, hashed_password, role, preferences, is_active, is_verified, email_verified_at, preferred_language, phone, avatar_url) VALUES (%(nom)s, %(prenom)s, %(email)s, %(hashed_password)s, %(role)s, %(preferences)s, %(is_active)s, %(is_verified)s, %(email_verified_at)s, %(preferred_language)s, %(phone)s, %(avatar_url)s) RETURNING users.id, users.date_inscription, users.created_at, users.updated_at
INFO     sqlalchemy.engine.Engine:base.py:1848 INSERT INTO users (nom, prenom, email, hashed_password, role, preferences, is_active, is_verified, email_verified_at, preferred_language, phone, avatar_url) VALUES (%(nom)s, %(prenom)s, %(email)s, %(hashed_password)s, %(role)s, %(preferences)s, %(is_active)s, %(is_verified)s, %(email_verified_at)s, %(preferred_language)s, %(phone)s, %(avatar_url)s) RETURNING users.id, users.date_inscription, users.created_at, users.updated_at
2026-08-12 16:16:34,923 INFO sqlalchemy.engine.Engine [generated in 0.00028s] {'nom': 'Ali', 'prenom': 'Test', 'email': 'ali@test.com', 'hashed_password': '$pbkdf2-sha256$29000$mTOmdG7NGcP4X0uJkbK2lg$Tb9z74tbCN8vCpJ6I7G14v6NwBwHqoeqBqtjqCQfCLs', 'role': '2', 'preferences': None, 'is_active': True, 'is_verified': False, 'email_verified_at': None, 'preferred_language': 'fr', 'phone': None, 'avatar_url': None}
2026-08-12 16:16:34 | INFO     | sqlalchemy.engine.Engine | [generated in 0.00028s] {'nom': 'Ali', 'prenom': 'Test', 'email': 'ali@test.com', 'hashed_password': '$pbkdf2-sha256$29000$mTOmdG7NGcP4X0uJkbK2lg$Tb9z74tbCN8vCpJ6I7G14v6NwBwHqoeqBqtjqCQfCLs', 'role': '2', 'preferences': None, 'is_active': True, 'is_verified': False, 'email_verified_at': None, 'preferred_language': 'fr', 'phone': None, 'avatar_url': None}
INFO     sqlalchemy.engine.Engine:base.py:1848 [generated in 0.00028s] {'nom': 'Ali', 'prenom': 'Test', 'email': 'ali@test.com', 'hashed_password': '$pbkdf2-sha256$29000$mTOmdG7NGcP4X0uJkbK2lg$Tb9z74tbCN8vCpJ6I7G14v6NwBwHqoeqBqtjqCQfCLs', 'role': '2', 'preferences': None, 'is_active': True, 'is_verified': False, 'email_verified_at': None, 'preferred_language': 'fr', 'phone': None, 'avatar_url': None}
2026-08-12 16:16:34,930 INFO sqlalchemy.engine.Engine INSERT INTO email_verification_tokens (id, user_id, token_hash, expires_at, used_at) VALUES (%(id)s::UUID, %(user_id)s, %(token_hash)s, %(expires_at)s, %(used_at)s)
2026-08-12 16:16:34 | INFO     | sqlalchemy.engine.Engine | INSERT INTO email_verification_tokens (id, user_id, token_hash, expires_at, used_at) VALUES (%(id)s::UUID, %(user_id)s, %(token_hash)s, %(expires_at)s, %(used_at)s)
INFO     sqlalchemy.engine.Engine:base.py:1848 INSERT INTO email_verification_tokens (id, user_id, token_hash, expires_at, used_at) VALUES (%(id)s::UUID, %(user_id)s, %(token_hash)s, %(expires_at)s, %(used_at)s)
2026-08-12 16:16:34,930 INFO sqlalchemy.engine.Engine [generated in 0.00036s] {'id': UUID('4261c0eb-4628-4325-8ffc-5d835ff95a46'), 'user_id': 32, 'token_hash': 'be9deda60cc4b7cfdc2f1e3396ebed5ad6d28937205db8ef46c6a0ed32cd5841', 'expires_at': datetime.datetime(2026, 8, 13, 15, 16, 34, 929152, tzinfo=datetime.timezone.utc), 'used_at': None}
2026-08-12 16:16:34 | INFO     | sqlalchemy.engine.Engine | [generated in 0.00036s] {'id': UUID('4261c0eb-4628-4325-8ffc-5d835ff95a46'), 'user_id': 32, 'token_hash': 'be9deda60cc4b7cfdc2f1e3396ebed5ad6d28937205db8ef46c6a0ed32cd5841', 'expires_at': datetime.datetime(2026, 8, 13, 15, 16, 34, 929152, tzinfo=datetime.timezone.utc), 'used_at': None}
INFO     sqlalchemy.engine.Engine:base.py:1848 [generated in 0.00036s] {'id': UUID('4261c0eb-4628-4325-8ffc-5d835ff95a46'), 'user_id': 32, 'token_hash': 'be9deda60cc4b7cfdc2f1e3396ebed5ad6d28937205db8ef46c6a0ed32cd5841', 'expires_at': datetime.datetime(2026, 8, 13, 15, 16, 34, 929152, tzinfo=datetime.timezone.utc), 'used_at': None}
2026-08-12 16:16:34,936 INFO sqlalchemy.engine.Engine COMMIT
2026-08-12 16:16:34 | INFO     | sqlalchemy.engine.Engine | COMMIT
INFO     sqlalchemy.engine.Engine:base.py:2718 COMMIT
2026-08-12 16:16:34,938 INFO sqlalchemy.engine.Engine BEGIN (implicit)
2026-08-12 16:16:34 | INFO     | sqlalchemy.engine.Engine | BEGIN (implicit)
INFO     sqlalchemy.engine.Engine:base.py:2712 BEGIN (implicit)
2026-08-12 16:16:34,939 INFO sqlalchemy.engine.Engine SELECT users.id AS users_id, users.nom AS users_nom, users.prenom AS users_prenom, users.email AS users_email, users.hashed_password AS users_hashed_password, users.role AS users_role, users.preferences AS users_preferences, users.date_inscription AS users_date_inscription, users.is_active AS users_is_active, users.is_verified AS users_is_verified, users.email_verified_at AS users_email_verified_at, users.preferred_language AS users_preferred_language, users.phone AS users_phone, users.avatar_url AS users_avatar_url, users.created_at AS users_created_at, users.updated_at AS users_updated_at 
FROM users 
WHERE users.id = %(pk_1)s
2026-08-12 16:16:34 | INFO     | sqlalchemy.engine.Engine | SELECT users.id AS users_id, users.nom AS users_nom, users.prenom AS users_prenom, users.email AS users_email, users.hashed_password AS users_hashed_password, users.role AS users_role, users.preferences AS users_preferences, users.date_inscription AS users_date_inscription, users.is_active AS users_is_active, users.is_verified AS users_is_verified, users.email_verified_at AS users_email_verified_at, users.preferred_language AS users_preferred_language, users.phone AS users_phone, users.avatar_url AS users_avatar_url, users.created_at AS users_created_at, users.updated_at AS users_updated_at 
FROM users 
WHERE users.id = %(pk_1)s
INFO     sqlalchemy.engine.Engine:base.py:1848 SELECT users.id AS users_id, users.nom AS users_nom, users.prenom AS users_prenom, users.email AS users_email, users.hashed_password AS users_hashed_password, users.role AS users_role, users.preferences AS users_preferences, users.date_inscription AS users_date_inscription, users.is_active AS users_is_active, users.is_verified AS users_is_verified, users.email_verified_at AS users_email_verified_at, users.preferred_language AS users_preferred_language, users.phone AS users_phone, users.avatar_url AS users_avatar_url, users.created_at AS users_created_at, users.updated_at AS users_updated_at 
FROM users 
WHERE users.id = %(pk_1)s
2026-08-12 16:16:34,939 INFO sqlalchemy.engine.Engine [generated in 0.00019s] {'pk_1': 32}
2026-08-12 16:16:34 | INFO     | sqlalchemy.engine.Engine | [generated in 0.00019s] {'pk_1': 32}
INFO     sqlalchemy.engine.Engine:base.py:1848 [generated in 0.00019s] {'pk_1': 32}
2026-08-12 16:16:34 | INFO     | app.api.v1.routers.auth.auth_router | Scheduling verification email for ali@test.com
INFO     app.api.v1.routers.auth.auth_router:auth_router.py:65 Scheduling verification email for ali@test.com
2026-08-12 16:16:34 | INFO     | app.main | POST /api/v1/auth/register -> 201 (62.0 ms)
INFO     app.main:main.py:55 POST /api/v1/auth/register -> 201 (62.0 ms)
2026-08-12 16:16:34,941 INFO sqlalchemy.engine.Engine ROLLBACK
2026-08-12 16:16:34 | INFO     | sqlalchemy.engine.Engine | ROLLBACK
INFO     sqlalchemy.engine.Engine:base.py:2715 ROLLBACK
2026-08-12 16:16:34 | INFO     | httpx | HTTP Request: POST http://testserver/api/v1/auth/register "HTTP/1.1 201 Created"
INFO     httpx:_client.py:1025 HTTP Request: POST http://testserver/api/v1/auth/register "HTTP/1.1 201 Created"
2026-08-12 16:16:34 | DEBUG    | asyncio | Using proactor: IocpProactor
DEBUG    asyncio:proactor_events.py:633 Using proactor: IocpProactor
2026-08-12 16:16:34 | INFO     | app.api.v1.routers.auth.auth_router | Login attempt for ali@test.com
INFO     app.api.v1.routers.auth.auth_router:auth_router.py:84 Login attempt for ali@test.com
2026-08-12 16:16:34 | DEBUG    | app.services.user_service | Authenticating user: ali@test.com
DEBUG    app.services.user_service:user_service.py:37 Authenticating user: ali@test.com
2026-08-12 16:16:34,948 INFO sqlalchemy.engine.Engine BEGIN (implicit)
2026-08-12 16:16:34 | INFO     | sqlalchemy.engine.Engine | BEGIN (implicit)
INFO     sqlalchemy.engine.Engine:base.py:2712 BEGIN (implicit)
2026-08-12 16:16:34,949 INFO sqlalchemy.engine.Engine SELECT users.id, users.nom, users.prenom, users.email, users.hashed_password, users.role, users.preferences, users.date_inscription, users.is_active, users.is_verified, users.email_verified_at, users.preferred_language, users.phone, users.avatar_url, users.created_at, users.updated_at 
FROM users 
WHERE users.email = %(email_1)s
2026-08-12 16:16:34 | INFO     | sqlalchemy.engine.Engine | SELECT users.id, users.nom, users.prenom, users.email, users.hashed_password, users.role, users.preferences, users.date_inscription, users.is_active, users.is_verified, users.email_verified_at, users.preferred_language, users.phone, users.avatar_url, users.created_at, users.updated_at 
FROM users 
WHERE users.email = %(email_1)s
INFO     sqlalchemy.engine.Engine:base.py:1848 SELECT users.id, users.nom, users.prenom, users.email, users.hashed_password, users.role, users.preferences, users.date_inscription, users.is_active, users.is_verified, users.email_verified_at, users.preferred_language, users.phone, users.avatar_url, users.created_at, users.updated_at 
FROM users 
WHERE users.email = %(email_1)s
2026-08-12 16:16:34,949 INFO sqlalchemy.engine.Engine [cached since 0.03933s ago] {'email_1': 'ali@test.com'}
2026-08-12 16:16:34 | INFO     | sqlalchemy.engine.Engine | [cached since 0.03933s ago] {'email_1': 'ali@test.com'}
INFO     sqlalchemy.engine.Engine:base.py:1848 [cached since 0.03933s ago] {'email_1': 'ali@test.com'}
2026-08-12 16:16:34 | DEBUG    | app.services.user_service | Password verification for ali@test.com: True
DEBUG    app.services.user_service:user_service.py:47 Password verification for ali@test.com: True
2026-08-12 16:16:34,956 INFO sqlalchemy.engine.Engine ROLLBACK
2026-08-12 16:16:34 | INFO     | sqlalchemy.engine.Engine | ROLLBACK
INFO     sqlalchemy.engine.Engine:base.py:2715 ROLLBACK
2026-08-12 16:16:34 | INFO     | app.main | POST /api/v1/auth/login -> 403 (11.9 ms)
INFO     app.main:main.py:55 POST /api/v1/auth/login -> 403 (11.9 ms)
2026-08-12 16:16:34 | INFO     | httpx | HTTP Request: POST http://testserver/api/v1/auth/login "HTTP/1.1 403 Forbidden"
INFO     httpx:_client.py:1025 HTTP Request: POST http://testserver/api/v1/auth/login "HTTP/1.1 403 Forbidden"
2026-08-12 16:16:34 | DEBUG    | asyncio | Using proactor: IocpProactor
DEBUG    asyncio:proactor_events.py:633 Using proactor: IocpProactor
2026-08-12 16:16:34,967 INFO sqlalchemy.engine.Engine BEGIN (implicit)
2026-08-12 16:16:34 | INFO     | sqlalchemy.engine.Engine | BEGIN (implicit)
INFO     sqlalchemy.engine.Engine:base.py:2712 BEGIN (implicit)
2026-08-12 16:16:34,968 INFO sqlalchemy.engine.Engine SELECT email_verification_tokens.id, email_verification_tokens.user_id, email_verification_tokens.token_hash, email_verification_tokens.expires_at, email_verification_tokens.used_at 
FROM email_verification_tokens JOIN users ON users.id = email_verification_tokens.user_id 
WHERE email_verification_tokens.token_hash = %(token_hash_1)s
2026-08-12 16:16:34 | INFO     | sqlalchemy.engine.Engine | SELECT email_verification_tokens.id, email_verification_tokens.user_id, email_verification_tokens.token_hash, email_verification_tokens.expires_at, email_verification_tokens.used_at 
FROM email_verification_tokens JOIN users ON users.id = email_verification_tokens.user_id 
WHERE email_verification_tokens.token_hash = %(token_hash_1)s
INFO     sqlalchemy.engine.Engine:base.py:1848 SELECT email_verification_tokens.id, email_verification_tokens.user_id, email_verification_tokens.token_hash, email_verification_tokens.expires_at, email_verification_tokens.used_at 
FROM email_verification_tokens JOIN users ON users.id = email_verification_tokens.user_id 
WHERE email_verification_tokens.token_hash = %(token_hash_1)s
2026-08-12 16:16:34,968 INFO sqlalchemy.engine.Engine [generated in 0.00018s] {'token_hash_1': 'be9deda60cc4b7cfdc2f1e3396ebed5ad6d28937205db8ef46c6a0ed32cd5841'}
2026-08-12 16:16:34 | INFO     | sqlalchemy.engine.Engine | [generated in 0.00018s] {'token_hash_1': 'be9deda60cc4b7cfdc2f1e3396ebed5ad6d28937205db8ef46c6a0ed32cd5841'}
INFO     sqlalchemy.engine.Engine:base.py:1848 [generated in 0.00018s] {'token_hash_1': 'be9deda60cc4b7cfdc2f1e3396ebed5ad6d28937205db8ef46c6a0ed32cd5841'}
2026-08-12 16:16:34,974 INFO sqlalchemy.engine.Engine SELECT users.id AS users_id, users.nom AS users_nom, users.prenom AS users_prenom, users.email AS users_email, users.hashed_password AS users_hashed_password, users.role AS users_role, users.preferences AS users_preferences, users.date_inscription AS users_date_inscription, users.is_active AS users_is_active, users.is_verified AS users_is_verified, users.email_verified_at AS users_email_verified_at, users.preferred_language AS users_preferred_language, users.phone AS users_phone, users.avatar_url AS users_avatar_url, users.created_at AS users_created_at, users.updated_at AS users_updated_at 
FROM users 
WHERE users.id = %(pk_1)s
2026-08-12 16:16:34 | INFO     | sqlalchemy.engine.Engine | SELECT users.id AS users_id, users.nom AS users_nom, users.prenom AS users_prenom, users.email AS users_email, users.hashed_password AS users_hashed_password, users.role AS users_role, users.preferences AS users_preferences, users.date_inscription AS users_date_inscription, users.is_active AS users_is_active, users.is_verified AS users_is_verified, users.email_verified_at AS users_email_verified_at, users.preferred_language AS users_preferred_language, users.phone AS users_phone, users.avatar_url AS users_avatar_url, users.created_at AS users_created_at, users.updated_at AS users_updated_at 
FROM users 
WHERE users.id = %(pk_1)s
INFO     sqlalchemy.engine.Engine:base.py:1848 SELECT users.id AS users_id, users.nom AS users_nom, users.prenom AS users_prenom, users.email AS users_email, users.hashed_password AS users_hashed_password, users.role AS users_role, users.preferences AS users_preferences, users.date_inscription AS users_date_inscription, users.is_active AS users_is_active, users.is_verified AS users_is_verified, users.email_verified_at AS users_email_verified_at, users.preferred_language AS users_preferred_language, users.phone AS users_phone, users.avatar_url AS users_avatar_url, users.created_at AS users_created_at, users.updated_at AS users_updated_at 
FROM users 
WHERE users.id = %(pk_1)s
2026-08-12 16:16:34,974 INFO sqlalchemy.engine.Engine [generated in 0.00040s] {'pk_1': 32}
2026-08-12 16:16:34 | INFO     | sqlalchemy.engine.Engine | [generated in 0.00040s] {'pk_1': 32}
INFO     sqlalchemy.engine.Engine:base.py:1848 [generated in 0.00040s] {'pk_1': 32}
2026-08-12 16:16:34,979 INFO sqlalchemy.engine.Engine UPDATE users SET is_verified=%(is_verified)s, email_verified_at=%(email_verified_at)s, updated_at=now() WHERE users.id = %(users_id)s
2026-08-12 16:16:34 | INFO     | sqlalchemy.engine.Engine | UPDATE users SET is_verified=%(is_verified)s, email_verified_at=%(email_verified_at)s, updated_at=now() WHERE users.id = %(users_id)s
INFO     sqlalchemy.engine.Engine:base.py:1848 UPDATE users SET is_verified=%(is_verified)s, email_verified_at=%(email_verified_at)s, updated_at=now() WHERE users.id = %(users_id)s
2026-08-12 16:16:34,979 INFO sqlalchemy.engine.Engine [generated in 0.00057s] {'is_verified': True, 'email_verified_at': datetime.datetime(2026, 8, 12, 15, 16, 34, 976425, tzinfo=datetime.timezone.utc), 'users_id': 32}
2026-08-12 16:16:34 | INFO     | sqlalchemy.engine.Engine | [generated in 0.00057s] {'is_verified': True, 'email_verified_at': datetime.datetime(2026, 8, 12, 15, 16, 34, 976425, tzinfo=datetime.timezone.utc), 'users_id': 32}
INFO     sqlalchemy.engine.Engine:base.py:1848 [generated in 0.00057s] {'is_verified': True, 'email_verified_at': datetime.datetime(2026, 8, 12, 15, 16, 34, 976425, tzinfo=datetime.timezone.utc), 'users_id': 32}
2026-08-12 16:16:34,985 INFO sqlalchemy.engine.Engine UPDATE email_verification_tokens SET used_at=%(used_at)s WHERE email_verification_tokens.id = %(email_verification_tokens_id)s::UUID
2026-08-12 16:16:34 | INFO     | sqlalchemy.engine.Engine | UPDATE email_verification_tokens SET used_at=%(used_at)s WHERE email_verification_tokens.id = %(email_verification_tokens_id)s::UUID
INFO     sqlalchemy.engine.Engine:base.py:1848 UPDATE email_verification_tokens SET used_at=%(used_at)s WHERE email_verification_tokens.id = %(email_verification_tokens_id)s::UUID
2026-08-12 16:16:34,985 INFO sqlalchemy.engine.Engine [generated in 0.00028s] {'used_at': datetime.datetime(2026, 8, 12, 15, 16, 34, 976425, tzinfo=datetime.timezone.utc), 'email_verification_tokens_id': UUID('4261c0eb-4628-4325-8ffc-5d835ff95a46')}
2026-08-12 16:16:34 | INFO     | sqlalchemy.engine.Engine | [generated in 0.00028s] {'used_at': datetime.datetime(2026, 8, 12, 15, 16, 34, 976425, tzinfo=datetime.timezone.utc), 'email_verification_tokens_id': UUID('4261c0eb-4628-4325-8ffc-5d835ff95a46')}
INFO     sqlalchemy.engine.Engine:base.py:1848 [generated in 0.00028s] {'used_at': datetime.datetime(2026, 8, 12, 15, 16, 34, 976425, tzinfo=datetime.timezone.utc), 'email_verification_tokens_id': UUID('4261c0eb-4628-4325-8ffc-5d835ff95a46')}
2026-08-12 16:16:34,986 INFO sqlalchemy.engine.Engine COMMIT
2026-08-12 16:16:34 | INFO     | sqlalchemy.engine.Engine | COMMIT
INFO     sqlalchemy.engine.Engine:base.py:2718 COMMIT
2026-08-12 16:16:34 | INFO     | app.main | POST /api/v1/auth/verify-email -> 200 (23.6 ms)
INFO     app.main:main.py:55 POST /api/v1/auth/verify-email -> 200 (23.6 ms)
2026-08-12 16:16:34 | INFO     | httpx | HTTP Request: POST http://testserver/api/v1/auth/verify-email "HTTP/1.1 200 OK"
INFO     httpx:_client.py:1025 HTTP Request: POST http://testserver/api/v1/auth/verify-email "HTTP/1.1 200 OK"
2026-08-12 16:16:34 | DEBUG    | asyncio | Using proactor: IocpProactor
DEBUG    asyncio:proactor_events.py:633 Using proactor: IocpProactor
2026-08-12 16:16:35 | INFO     | app.api.v1.routers.auth.auth_router | Login attempt for ali@test.com
INFO     app.api.v1.routers.auth.auth_router:auth_router.py:84 Login attempt for ali@test.com
2026-08-12 16:16:35 | DEBUG    | app.services.user_service | Authenticating user: ali@test.com
DEBUG    app.services.user_service:user_service.py:37 Authenticating user: ali@test.com
2026-08-12 16:16:35,008 INFO sqlalchemy.engine.Engine BEGIN (implicit)
2026-08-12 16:16:35 | INFO     | sqlalchemy.engine.Engine | BEGIN (implicit)
INFO     sqlalchemy.engine.Engine:base.py:2712 BEGIN (implicit)
2026-08-12 16:16:35,008 INFO sqlalchemy.engine.Engine SELECT users.id, users.nom, users.prenom, users.email, users.hashed_password, users.role, users.preferences, users.date_inscription, users.is_active, users.is_verified, users.email_verified_at, users.preferred_language, users.phone, users.avatar_url, users.created_at, users.updated_at 
FROM users 
WHERE users.email = %(email_1)s
2026-08-12 16:16:35 | INFO     | sqlalchemy.engine.Engine | SELECT users.id, users.nom, users.prenom, users.email, users.hashed_password, users.role, users.preferences, users.date_inscription, users.is_active, users.is_verified, users.email_verified_at, users.preferred_language, users.phone, users.avatar_url, users.created_at, users.updated_at 
FROM users 
WHERE users.email = %(email_1)s
INFO     sqlalchemy.engine.Engine:base.py:1848 SELECT users.id, users.nom, users.prenom, users.email, users.hashed_password, users.role, users.preferences, users.date_inscription, users.is_active, users.is_verified, users.email_verified_at, users.preferred_language, users.phone, users.avatar_url, users.created_at, users.updated_at 
FROM users 
WHERE users.email = %(email_1)s
2026-08-12 16:16:35,009 INFO sqlalchemy.engine.Engine [cached since 0.09928s ago] {'email_1': 'ali@test.com'}
2026-08-12 16:16:35 | INFO     | sqlalchemy.engine.Engine | [cached since 0.09928s ago] {'email_1': 'ali@test.com'}
INFO     sqlalchemy.engine.Engine:base.py:1848 [cached since 0.09928s ago] {'email_1': 'ali@test.com'}
2026-08-12 16:16:35 | DEBUG    | app.services.user_service | Password verification for ali@test.com: True
DEBUG    app.services.user_service:user_service.py:47 Password verification for ali@test.com: True
2026-08-12 16:16:35,021 INFO sqlalchemy.engine.Engine INSERT INTO refresh_tokens (id, user_id, token_hash, expires_at, revoked, user_agent) VALUES (%(id)s::UUID, %(user_id)s, %(token_hash)s, %(expires_at)s, %(revoked)s, %(user_agent)s)
2026-08-12 16:16:35 | INFO     | sqlalchemy.engine.Engine | INSERT INTO refresh_tokens (id, user_id, token_hash, expires_at, revoked, user_agent) VALUES (%(id)s::UUID, %(user_id)s, %(token_hash)s, %(expires_at)s, %(revoked)s, %(user_agent)s)
INFO     sqlalchemy.engine.Engine:base.py:1848 INSERT INTO refresh_tokens (id, user_id, token_hash, expires_at, revoked, user_agent) VALUES (%(id)s::UUID, %(user_id)s, %(token_hash)s, %(expires_at)s, %(revoked)s, %(user_agent)s)
2026-08-12 16:16:35,021 INFO sqlalchemy.engine.Engine [generated in 0.00029s] {'id': UUID('11c8dd0d-d1c4-46ff-8f91-77b3e4ba53a6'), 'user_id': 32, 'token_hash': 'e30bcfe9e1a75c3177cf819ea57f7a4ee6b08050231a4d1f905a6dee8bac45f3', 'expires_at': datetime.datetime(2026, 8, 19, 15, 16, 35, 19985, tzinfo=datetime.timezone.utc), 'revoked': False, 'user_agent': 'testclient'}
2026-08-12 16:16:35 | INFO     | sqlalchemy.engine.Engine | [generated in 0.00029s] {'id': UUID('11c8dd0d-d1c4-46ff-8f91-77b3e4ba53a6'), 'user_id': 32, 'token_hash': 'e30bcfe9e1a75c3177cf819ea57f7a4ee6b08050231a4d1f905a6dee8bac45f3', 'expires_at': datetime.datetime(2026, 8, 19, 15, 16, 35, 19985, tzinfo=datetime.timezone.utc), 'revoked': False, 'user_agent': 'testclient'}
INFO     sqlalchemy.engine.Engine:base.py:1848 [generated in 0.00029s] {'id': UUID('11c8dd0d-d1c4-46ff-8f91-77b3e4ba53a6'), 'user_id': 32, 'token_hash': 'e30bcfe9e1a75c3177cf819ea57f7a4ee6b08050231a4d1f905a6dee8bac45f3', 'expires_at': datetime.datetime(2026, 8, 19, 15, 16, 35, 19985, tzinfo=datetime.timezone.utc), 'revoked': False, 'user_agent': 'testclient'}
2026-08-12 16:16:35,024 INFO sqlalchemy.engine.Engine COMMIT
2026-08-12 16:16:35 | INFO     | sqlalchemy.engine.Engine | COMMIT
INFO     sqlalchemy.engine.Engine:base.py:2718 COMMIT
2026-08-12 16:16:35,025 INFO sqlalchemy.engine.Engine BEGIN (implicit)
2026-08-12 16:16:35 | INFO     | sqlalchemy.engine.Engine | BEGIN (implicit)
INFO     sqlalchemy.engine.Engine:base.py:2712 BEGIN (implicit)
2026-08-12 16:16:35,025 INFO sqlalchemy.engine.Engine SELECT users.id AS users_id, users.nom AS users_nom, users.prenom AS users_prenom, users.email AS users_email, users.hashed_password AS users_hashed_password, users.role AS users_role, users.preferences AS users_preferences, users.date_inscription AS users_date_inscription, users.is_active AS users_is_active, users.is_verified AS users_is_verified, users.email_verified_at AS users_email_verified_at, users.preferred_language AS users_preferred_language, users.phone AS users_phone, users.avatar_url AS users_avatar_url, users.created_at AS users_created_at, users.updated_at AS users_updated_at 
FROM users 
WHERE users.id = %(pk_1)s
2026-08-12 16:16:35 | INFO     | sqlalchemy.engine.Engine | SELECT users.id AS users_id, users.nom AS users_nom, users.prenom AS users_prenom, users.email AS users_email, users.hashed_password AS users_hashed_password, users.role AS users_role, users.preferences AS users_preferences, users.date_inscription AS users_date_inscription, users.is_active AS users_is_active, users.is_verified AS users_is_verified, users.email_verified_at AS users_email_verified_at, users.preferred_language AS users_preferred_language, users.phone AS users_phone, users.avatar_url AS users_avatar_url, users.created_at AS users_created_at, users.updated_at AS users_updated_at 
FROM users 
WHERE users.id = %(pk_1)s
INFO     sqlalchemy.engine.Engine:base.py:1848 SELECT users.id AS users_id, users.nom AS users_nom, users.prenom AS users_prenom, users.email AS users_email, users.hashed_password AS users_hashed_password, users.role AS users_role, users.preferences AS users_preferences, users.date_inscription AS users_date_inscription, users.is_active AS users_is_active, users.is_verified AS users_is_verified, users.email_verified_at AS users_email_verified_at, users.preferred_language AS users_preferred_language, users.phone AS users_phone, users.avatar_url AS users_avatar_url, users.created_at AS users_created_at, users.updated_at AS users_updated_at 
FROM users 
WHERE users.id = %(pk_1)s
2026-08-12 16:16:35,026 INFO sqlalchemy.engine.Engine [cached since 0.08667s ago] {'pk_1': 32}
2026-08-12 16:16:35 | INFO     | sqlalchemy.engine.Engine | [cached since 0.08667s ago] {'pk_1': 32}
INFO     sqlalchemy.engine.Engine:base.py:1848 [cached since 0.08667s ago] {'pk_1': 32}
2026-08-12 16:16:35 | INFO     | app.main | POST /api/v1/auth/login -> 200 (43.5 ms)
INFO     app.main:main.py:55 POST /api/v1/auth/login -> 200 (43.5 ms)
2026-08-12 16:16:35,040 INFO sqlalchemy.engine.Engine ROLLBACK
2026-08-12 16:16:35 | INFO     | sqlalchemy.engine.Engine | ROLLBACK
INFO     sqlalchemy.engine.Engine:base.py:2715 ROLLBACK
2026-08-12 16:16:35 | INFO     | httpx | HTTP Request: POST http://testserver/api/v1/auth/login "HTTP/1.1 200 OK"
INFO     httpx:_client.py:1025 HTTP Request: POST http://testserver/api/v1/auth/login "HTTP/1.1 200 OK"
2026-08-12 16:16:35 | DEBUG    | asyncio | Using proactor: IocpProactor
DEBUG    asyncio:proactor_events.py:633 Using proactor: IocpProactor
2026-08-12 16:16:35,050 INFO sqlalchemy.engine.Engine BEGIN (implicit)
2026-08-12 16:16:35 | INFO     | sqlalchemy.engine.Engine | BEGIN (implicit)
INFO     sqlalchemy.engine.Engine:base.py:2712 BEGIN (implicit)
2026-08-12 16:16:35,050 INFO sqlalchemy.engine.Engine SELECT users.id, users.nom, users.prenom, users.email, users.hashed_password, users.role, users.preferences, users.date_inscription, users.is_active, users.is_verified, users.email_verified_at, users.preferred_language, users.phone, users.avatar_url, users.created_at, users.updated_at 
FROM users 
WHERE users.email = %(email_1)s
2026-08-12 16:16:35 | INFO     | sqlalchemy.engine.Engine | SELECT users.id, users.nom, users.prenom, users.email, users.hashed_password, users.role, users.preferences, users.date_inscription, users.is_active, users.is_verified, users.email_verified_at, users.preferred_language, users.phone, users.avatar_url, users.created_at, users.updated_at 
FROM users 
WHERE users.email = %(email_1)s
INFO     sqlalchemy.engine.Engine:base.py:1848 SELECT users.id, users.nom, users.prenom, users.email, users.hashed_password, users.role, users.preferences, users.date_inscription, users.is_active, users.is_verified, users.email_verified_at, users.preferred_language, users.phone, users.avatar_url, users.created_at, users.updated_at 
FROM users 
WHERE users.email = %(email_1)s
2026-08-12 16:16:35,050 INFO sqlalchemy.engine.Engine [cached since 0.1406s ago] {'email_1': 'ali@test.com'}
2026-08-12 16:16:35 | INFO     | sqlalchemy.engine.Engine | [cached since 0.1406s ago] {'email_1': 'ali@test.com'}
INFO     sqlalchemy.engine.Engine:base.py:1848 [cached since 0.1406s ago] {'email_1': 'ali@test.com'}
2026-08-12 16:16:35,052 INFO sqlalchemy.engine.Engine INSERT INTO password_reset_tokens (id, user_id, token_hash, expires_at, used_at) VALUES (%(id)s::UUID, %(user_id)s, %(token_hash)s, %(expires_at)s, %(used_at)s)
2026-08-12 16:16:35 | INFO     | sqlalchemy.engine.Engine | INSERT INTO password_reset_tokens (id, user_id, token_hash, expires_at, used_at) VALUES (%(id)s::UUID, %(user_id)s, %(token_hash)s, %(expires_at)s, %(used_at)s)
INFO     sqlalchemy.engine.Engine:base.py:1848 INSERT INTO password_reset_tokens (id, user_id, token_hash, expires_at, used_at) VALUES (%(id)s::UUID, %(user_id)s, %(token_hash)s, %(expires_at)s, %(used_at)s)
2026-08-12 16:16:35,052 INFO sqlalchemy.engine.Engine [generated in 0.00029s] {'id': UUID('6e38bdf6-662a-4ebe-be1d-33be1b047b9d'), 'user_id': 32, 'token_hash': '3673b82b483a327f94177bd439d428e955f80250c1a4120e9d9b9aab2b996fe2', 'expires_at': datetime.datetime(2026, 8, 12, 15, 46, 35, 51692, tzinfo=datetime.timezone.utc), 'used_at': None}
2026-08-12 16:16:35 | INFO     | sqlalchemy.engine.Engine | [generated in 0.00029s] {'id': UUID('6e38bdf6-662a-4ebe-be1d-33be1b047b9d'), 'user_id': 32, 'token_hash': '3673b82b483a327f94177bd439d428e955f80250c1a4120e9d9b9aab2b996fe2', 'expires_at': datetime.datetime(2026, 8, 12, 15, 46, 35, 51692, tzinfo=datetime.timezone.utc), 'used_at': None}
INFO     sqlalchemy.engine.Engine:base.py:1848 [generated in 0.00029s] {'id': UUID('6e38bdf6-662a-4ebe-be1d-33be1b047b9d'), 'user_id': 32, 'token_hash': '3673b82b483a327f94177bd439d428e955f80250c1a4120e9d9b9aab2b996fe2', 'expires_at': datetime.datetime(2026, 8, 12, 15, 46, 35, 51692, tzinfo=datetime.timezone.utc), 'used_at': None}
2026-08-12 16:16:35,056 INFO sqlalchemy.engine.Engine COMMIT
2026-08-12 16:16:35 | INFO     | sqlalchemy.engine.Engine | COMMIT
INFO     sqlalchemy.engine.Engine:base.py:2718 COMMIT
2026-08-12 16:16:35,057 INFO sqlalchemy.engine.Engine BEGIN (implicit)
2026-08-12 16:16:35 | INFO     | sqlalchemy.engine.Engine | BEGIN (implicit)
INFO     sqlalchemy.engine.Engine:base.py:2712 BEGIN (implicit)
2026-08-12 16:16:35,058 INFO sqlalchemy.engine.Engine SELECT users.id AS users_id, users.nom AS users_nom, users.prenom AS users_prenom, users.email AS users_email, users.hashed_password AS users_hashed_password, users.role AS users_role, users.preferences AS users_preferences, users.date_inscription AS users_date_inscription, users.is_active AS users_is_active, users.is_verified AS users_is_verified, users.email_verified_at AS users_email_verified_at, users.preferred_language AS users_preferred_language, users.phone AS users_phone, users.avatar_url AS users_avatar_url, users.created_at AS users_created_at, users.updated_at AS users_updated_at 
FROM users 
WHERE users.id = %(pk_1)s
2026-08-12 16:16:35 | INFO     | sqlalchemy.engine.Engine | SELECT users.id AS users_id, users.nom AS users_nom, users.prenom AS users_prenom, users.email AS users_email, users.hashed_password AS users_hashed_password, users.role AS users_role, users.preferences AS users_preferences, users.date_inscription AS users_date_inscription, users.is_active AS users_is_active, users.is_verified AS users_is_verified, users.email_verified_at AS users_email_verified_at, users.preferred_language AS users_preferred_language, users.phone AS users_phone, users.avatar_url AS users_avatar_url, users.created_at AS users_created_at, users.updated_at AS users_updated_at 
FROM users 
WHERE users.id = %(pk_1)s
INFO     sqlalchemy.engine.Engine:base.py:1848 SELECT users.id AS users_id, users.nom AS users_nom, users.prenom AS users_prenom, users.email AS users_email, users.hashed_password AS users_hashed_password, users.role AS users_role, users.preferences AS users_preferences, users.date_inscription AS users_date_inscription, users.is_active AS users_is_active, users.is_verified AS users_is_verified, users.email_verified_at AS users_email_verified_at, users.preferred_language AS users_preferred_language, users.phone AS users_phone, users.avatar_url AS users_avatar_url, users.created_at AS users_created_at, users.updated_at AS users_updated_at 
FROM users 
WHERE users.id = %(pk_1)s
2026-08-12 16:16:35,058 INFO sqlalchemy.engine.Engine [cached since 0.1192s ago] {'pk_1': 32}
2026-08-12 16:16:35 | INFO     | sqlalchemy.engine.Engine | [cached since 0.1192s ago] {'pk_1': 32}
INFO     sqlalchemy.engine.Engine:base.py:1848 [cached since 0.1192s ago] {'pk_1': 32}
2026-08-12 16:16:35 | INFO     | app.main | POST /api/v1/auth/forgot-password -> 200 (13.5 ms)
INFO     app.main:main.py:55 POST /api/v1/auth/forgot-password -> 200 (13.5 ms)
2026-08-12 16:16:35,062 INFO sqlalchemy.engine.Engine ROLLBACK
2026-08-12 16:16:35 | INFO     | sqlalchemy.engine.Engine | ROLLBACK
INFO     sqlalchemy.engine.Engine:base.py:2715 ROLLBACK
2026-08-12 16:16:35 | INFO     | httpx | HTTP Request: POST http://testserver/api/v1/auth/forgot-password "HTTP/1.1 200 OK"
INFO     httpx:_client.py:1025 HTTP Request: POST http://testserver/api/v1/auth/forgot-password "HTTP/1.1 200 OK"
2026-08-12 16:16:35 | DEBUG    | asyncio | Using proactor: IocpProactor
DEBUG    asyncio:proactor_events.py:633 Using proactor: IocpProactor
2026-08-12 16:16:35,070 INFO sqlalchemy.engine.Engine BEGIN (implicit)
2026-08-12 16:16:35 | INFO     | sqlalchemy.engine.Engine | BEGIN (implicit)
INFO     sqlalchemy.engine.Engine:base.py:2712 BEGIN (implicit)
2026-08-12 16:16:35,145 INFO sqlalchemy.engine.Engine SELECT password_reset_tokens.id, password_reset_tokens.user_id, password_reset_tokens.token_hash, password_reset_tokens.expires_at, password_reset_tokens.used_at 
FROM password_reset_tokens 
WHERE password_reset_tokens.token_hash = %(token_hash_1)s
2026-08-12 16:16:35 | INFO     | sqlalchemy.engine.Engine | SELECT password_reset_tokens.id, password_reset_tokens.user_id, password_reset_tokens.token_hash, password_reset_tokens.expires_at, password_reset_tokens.used_at 
FROM password_reset_tokens 
WHERE password_reset_tokens.token_hash = %(token_hash_1)s
INFO     sqlalchemy.engine.Engine:base.py:1848 SELECT password_reset_tokens.id, password_reset_tokens.user_id, password_reset_tokens.token_hash, password_reset_tokens.expires_at, password_reset_tokens.used_at 
FROM password_reset_tokens 
WHERE password_reset_tokens.token_hash = %(token_hash_1)s
2026-08-12 16:16:35,146 INFO sqlalchemy.engine.Engine [generated in 0.00028s] {'token_hash_1': '3673b82b483a327f94177bd439d428e955f80250c1a4120e9d9b9aab2b996fe2'}
2026-08-12 16:16:35 | INFO     | sqlalchemy.engine.Engine | [generated in 0.00028s] {'token_hash_1': '3673b82b483a327f94177bd439d428e955f80250c1a4120e9d9b9aab2b996fe2'}
INFO     sqlalchemy.engine.Engine:base.py:1848 [generated in 0.00028s] {'token_hash_1': '3673b82b483a327f94177bd439d428e955f80250c1a4120e9d9b9aab2b996fe2'}
2026-08-12 16:16:35,149 INFO sqlalchemy.engine.Engine SELECT users.id AS users_id, users.nom AS users_nom, users.prenom AS users_prenom, users.email AS users_email, users.hashed_password AS users_hashed_password, users.role AS users_role, users.preferences AS users_preferences, users.date_inscription AS users_date_inscription, users.is_active AS users_is_active, users.is_verified AS users_is_verified, users.email_verified_at AS users_email_verified_at, users.preferred_language AS users_preferred_language, users.phone AS users_phone, users.avatar_url AS users_avatar_url, users.created_at AS users_created_at, users.updated_at AS users_updated_at 
FROM users 
WHERE users.id = %(pk_1)s
2026-08-12 16:16:35 | INFO     | sqlalchemy.engine.Engine | SELECT users.id AS users_id, users.nom AS users_nom, users.prenom AS users_prenom, users.email AS users_email, users.hashed_password AS users_hashed_password, users.role AS users_role, users.preferences AS users_preferences, users.date_inscription AS users_date_inscription, users.is_active AS users_is_active, users.is_verified AS users_is_verified, users.email_verified_at AS users_email_verified_at, users.preferred_language AS users_preferred_language, users.phone AS users_phone, users.avatar_url AS users_avatar_url, users.created_at AS users_created_at, users.updated_at AS users_updated_at 
FROM users 
WHERE users.id = %(pk_1)s
INFO     sqlalchemy.engine.Engine:base.py:1848 SELECT users.id AS users_id, users.nom AS users_nom, users.prenom AS users_prenom, users.email AS users_email, users.hashed_password AS users_hashed_password, users.role AS users_role, users.preferences AS users_preferences, users.date_inscription AS users_date_inscription, users.is_active AS users_is_active, users.is_verified AS users_is_verified, users.email_verified_at AS users_email_verified_at, users.preferred_language AS users_preferred_language, users.phone AS users_phone, users.avatar_url AS users_avatar_url, users.created_at AS users_created_at, users.updated_at AS users_updated_at 
FROM users 
WHERE users.id = %(pk_1)s
2026-08-12 16:16:35,149 INFO sqlalchemy.engine.Engine [generated in 0.00030s] {'pk_1': 32}
2026-08-12 16:16:35 | INFO     | sqlalchemy.engine.Engine | [generated in 0.00030s] {'pk_1': 32}
INFO     sqlalchemy.engine.Engine:base.py:1848 [generated in 0.00030s] {'pk_1': 32}
2026-08-12 16:16:35,156 INFO sqlalchemy.engine.Engine UPDATE refresh_tokens SET revoked=%(revoked)s WHERE refresh_tokens.user_id = %(user_id_1)s AND refresh_tokens.revoked IS false
2026-08-12 16:16:35 | INFO     | sqlalchemy.engine.Engine | UPDATE refresh_tokens SET revoked=%(revoked)s WHERE refresh_tokens.user_id = %(user_id_1)s AND refresh_tokens.revoked IS false
INFO     sqlalchemy.engine.Engine:base.py:1848 UPDATE refresh_tokens SET revoked=%(revoked)s WHERE refresh_tokens.user_id = %(user_id_1)s AND refresh_tokens.revoked IS false
2026-08-12 16:16:35,156 INFO sqlalchemy.engine.Engine [generated in 0.00016s] {'revoked': True, 'user_id_1': 32}
2026-08-12 16:16:35 | INFO     | sqlalchemy.engine.Engine | [generated in 0.00016s] {'revoked': True, 'user_id_1': 32}
INFO     sqlalchemy.engine.Engine:base.py:1848 [generated in 0.00016s] {'revoked': True, 'user_id_1': 32}
2026-08-12 16:16:35,160 INFO sqlalchemy.engine.Engine UPDATE users SET hashed_password=%(hashed_password)s, updated_at=now() WHERE users.id = %(users_id)s
2026-08-12 16:16:35 | INFO     | sqlalchemy.engine.Engine | UPDATE users SET hashed_password=%(hashed_password)s, updated_at=now() WHERE users.id = %(users_id)s
INFO     sqlalchemy.engine.Engine:base.py:1848 UPDATE users SET hashed_password=%(hashed_password)s, updated_at=now() WHERE users.id = %(users_id)s
2026-08-12 16:16:35,160 INFO sqlalchemy.engine.Engine [generated in 0.00041s] {'hashed_password': '$pbkdf2-sha256$29000$LEVo7T0HIMRYK2WsNQbgnA$5ocI3Qemc7EZ8YMW96K5TJnHfXNSCpdzOOVovfqtWXE', 'users_id': 32}
2026-08-12 16:16:35 | INFO     | sqlalchemy.engine.Engine | [generated in 0.00041s] {'hashed_password': '$pbkdf2-sha256$29000$LEVo7T0HIMRYK2WsNQbgnA$5ocI3Qemc7EZ8YMW96K5TJnHfXNSCpdzOOVovfqtWXE', 'users_id': 32}
INFO     sqlalchemy.engine.Engine:base.py:1848 [generated in 0.00041s] {'hashed_password': '$pbkdf2-sha256$29000$LEVo7T0HIMRYK2WsNQbgnA$5ocI3Qemc7EZ8YMW96K5TJnHfXNSCpdzOOVovfqtWXE', 'users_id': 32}
2026-08-12 16:16:35,162 INFO sqlalchemy.engine.Engine UPDATE password_reset_tokens SET used_at=%(used_at)s WHERE password_reset_tokens.id = %(password_reset_tokens_id)s::UUID
2026-08-12 16:16:35 | INFO     | sqlalchemy.engine.Engine | UPDATE password_reset_tokens SET used_at=%(used_at)s WHERE password_reset_tokens.id = %(password_reset_tokens_id)s::UUID
INFO     sqlalchemy.engine.Engine:base.py:1848 UPDATE password_reset_tokens SET used_at=%(used_at)s WHERE password_reset_tokens.id = %(password_reset_tokens_id)s::UUID
2026-08-12 16:16:35,162 INFO sqlalchemy.engine.Engine [generated in 0.00018s] {'used_at': datetime.datetime(2026, 8, 12, 15, 16, 35, 155538, tzinfo=datetime.timezone.utc), 'password_reset_tokens_id': UUID('6e38bdf6-662a-4ebe-be1d-33be1b047b9d')}
2026-08-12 16:16:35 | INFO     | sqlalchemy.engine.Engine | [generated in 0.00018s] {'used_at': datetime.datetime(2026, 8, 12, 15, 16, 35, 155538, tzinfo=datetime.timezone.utc), 'password_reset_tokens_id': UUID('6e38bdf6-662a-4ebe-be1d-33be1b047b9d')}
INFO     sqlalchemy.engine.Engine:base.py:1848 [generated in 0.00018s] {'used_at': datetime.datetime(2026, 8, 12, 15, 16, 35, 155538, tzinfo=datetime.timezone.utc), 'password_reset_tokens_id': UUID('6e38bdf6-662a-4ebe-be1d-33be1b047b9d')}
2026-08-12 16:16:35,162 INFO sqlalchemy.engine.Engine COMMIT
2026-08-12 16:16:35 | INFO     | sqlalchemy.engine.Engine | COMMIT
INFO     sqlalchemy.engine.Engine:base.py:2718 COMMIT
2026-08-12 16:16:35 | INFO     | app.main | POST /api/v1/auth/reset-password -> 200 (96.3 ms)
INFO     app.main:main.py:55 POST /api/v1/auth/reset-password -> 200 (96.3 ms)
2026-08-12 16:16:35 | INFO     | httpx | HTTP Request: POST http://testserver/api/v1/auth/reset-password "HTTP/1.1 200 OK"
INFO     httpx:_client.py:1025 HTTP Request: POST http://testserver/api/v1/auth/reset-password "HTTP/1.1 200 OK"
2026-08-12 16:16:35 | DEBUG    | asyncio | Using proactor: IocpProactor
DEBUG    asyncio:proactor_events.py:633 Using proactor: IocpProactor
2026-08-12 16:16:35 | INFO     | app.api.v1.routers.auth.auth_router | Login attempt for ali@test.com
INFO     app.api.v1.routers.auth.auth_router:auth_router.py:84 Login attempt for ali@test.com
2026-08-12 16:16:35 | DEBUG    | app.services.user_service | Authenticating user: ali@test.com
DEBUG    app.services.user_service:user_service.py:37 Authenticating user: ali@test.com
2026-08-12 16:16:35,168 INFO sqlalchemy.engine.Engine BEGIN (implicit)
2026-08-12 16:16:35 | INFO     | sqlalchemy.engine.Engine | BEGIN (implicit)
INFO     sqlalchemy.engine.Engine:base.py:2712 BEGIN (implicit)
2026-08-12 16:16:35,168 INFO sqlalchemy.engine.Engine SELECT users.id, users.nom, users.prenom, users.email, users.hashed_password, users.role, users.preferences, users.date_inscription, users.is_active, users.is_verified, users.email_verified_at, users.preferred_language, users.phone, users.avatar_url, users.created_at, users.updated_at 
FROM users 
WHERE users.email = %(email_1)s
2026-08-12 16:16:35 | INFO     | sqlalchemy.engine.Engine | SELECT users.id, users.nom, users.prenom, users.email, users.hashed_password, users.role, users.preferences, users.date_inscription, users.is_active, users.is_verified, users.email_verified_at, users.preferred_language, users.phone, users.avatar_url, users.created_at, users.updated_at 
FROM users 
WHERE users.email = %(email_1)s
INFO     sqlalchemy.engine.Engine:base.py:1848 SELECT users.id, users.nom, users.prenom, users.email, users.hashed_password, users.role, users.preferences, users.date_inscription, users.is_active, users.is_verified, users.email_verified_at, users.preferred_language, users.phone, users.avatar_url, users.created_at, users.updated_at 
FROM users 
WHERE users.email = %(email_1)s
2026-08-12 16:16:35,168 INFO sqlalchemy.engine.Engine [cached since 0.2582s ago] {'email_1': 'ali@test.com'}
2026-08-12 16:16:35 | INFO     | sqlalchemy.engine.Engine | [cached since 0.2582s ago] {'email_1': 'ali@test.com'}
INFO     sqlalchemy.engine.Engine:base.py:1848 [cached since 0.2582s ago] {'email_1': 'ali@test.com'}
2026-08-12 16:16:35 | DEBUG    | app.services.user_service | Password verification for ali@test.com: False
DEBUG    app.services.user_service:user_service.py:47 Password verification for ali@test.com: False
2026-08-12 16:16:35,174 INFO sqlalchemy.engine.Engine ROLLBACK
2026-08-12 16:16:35 | INFO     | sqlalchemy.engine.Engine | ROLLBACK
INFO     sqlalchemy.engine.Engine:base.py:2715 ROLLBACK
2026-08-12 16:16:35 | INFO     | app.main | POST /api/v1/auth/login -> 401 (8.6 ms)
INFO     app.main:main.py:55 POST /api/v1/auth/login -> 401 (8.6 ms)
2026-08-12 16:16:35 | INFO     | httpx | HTTP Request: POST http://testserver/api/v1/auth/login "HTTP/1.1 401 Unauthorized"
INFO     httpx:_client.py:1025 HTTP Request: POST http://testserver/api/v1/auth/login "HTTP/1.1 401 Unauthorized"
PASSED2026-08-12 16:16:35,178 INFO sqlalchemy.engine.Engine BEGIN (implicit)
2026-08-12 16:16:35 | INFO     | sqlalchemy.engine.Engine | BEGIN (implicit)

------------------------------ live log teardown ------------------------------
INFO     sqlalchemy.engine.Engine:base.py:2712 BEGIN (implicit)
2026-08-12 16:16:35,178 INFO sqlalchemy.engine.Engine DELETE FROM password_reset_tokens
2026-08-12 16:16:35 | INFO     | sqlalchemy.engine.Engine | DELETE FROM password_reset_tokens
INFO     sqlalchemy.engine.Engine:base.py:1848 DELETE FROM password_reset_tokens
2026-08-12 16:16:35,179 INFO sqlalchemy.engine.Engine [generated in 0.00015s] {}
2026-08-12 16:16:35 | INFO     | sqlalchemy.engine.Engine | [generated in 0.00015s] {}
INFO     sqlalchemy.engine.Engine:base.py:1848 [generated in 0.00015s] {}
2026-08-12 16:16:35,179 INFO sqlalchemy.engine.Engine DELETE FROM email_verification_tokens
2026-08-12 16:16:35 | INFO     | sqlalchemy.engine.Engine | DELETE FROM email_verification_tokens
INFO     sqlalchemy.engine.Engine:base.py:1848 DELETE FROM email_verification_tokens
2026-08-12 16:16:35,179 INFO sqlalchemy.engine.Engine [generated in 0.00013s] {}
2026-08-12 16:16:35 | INFO     | sqlalchemy.engine.Engine | [generated in 0.00013s] {}
INFO     sqlalchemy.engine.Engine:base.py:1848 [generated in 0.00013s] {}
2026-08-12 16:16:35,180 INFO sqlalchemy.engine.Engine DELETE FROM users
2026-08-12 16:16:35 | INFO     | sqlalchemy.engine.Engine | DELETE FROM users
INFO     sqlalchemy.engine.Engine:base.py:1848 DELETE FROM users
2026-08-12 16:16:35,180 INFO sqlalchemy.engine.Engine [generated in 0.00028s] {}
2026-08-12 16:16:35 | INFO     | sqlalchemy.engine.Engine | [generated in 0.00028s] {}
INFO     sqlalchemy.engine.Engine:base.py:1848 [generated in 0.00028s] {}
2026-08-12 16:16:35,184 INFO sqlalchemy.engine.Engine COMMIT
2026-08-12 16:16:35 | INFO     | sqlalchemy.engine.Engine | COMMIT
INFO     sqlalchemy.engine.Engine:base.py:2718 COMMIT


============================== warnings summary ===============================
.venv\Lib\site-packages\fastapi\testclient.py:1
  C:\Users\ChipTronics\Desktop\TouriBook\backend\.venv\Lib\site-packages\fastapi\testclient.py:1: StarletteDeprecationWarning: Using `httpx` with `starlette.testclient` is deprecated; install `httpx2` instead.
    from starlette.testclient import TestClient as TestClient  # noqa

.venv\Lib\site-packages\slowapi\extension.py:720: 12 warnings
  C:\Users\ChipTronics\Desktop\TouriBook\backend\.venv\Lib\site-packages\slowapi\extension.py:720: DeprecationWarning: 'asyncio.iscoroutinefunction' is deprecated and slated for removal in Python 3.16; use inspect.iscoroutinefunction() instead
    if asyncio.iscoroutinefunction(func):

-- Docs: https://docs.pytest.org/en/stable/how-to/capture-warnings.html
======================= 1 passed, 13 warnings in 1.85s ========================
