============================= test session starts =============================
platform win32 -- Python 3.14.6, pytest-9.1.1, pluggy-1.6.0
rootdir: C:\Users\ChipTronics\Desktop\TouriBook\backend
plugins: anyio-4.14.2, asyncio-1.4.0
asyncio: mode=Mode.STRICT, debug=False, asyncio_default_fixture_loop_scope=None, asyncio_default_test_loop_scope=function
collected 1 item

tests\test_auth_flow.py 2026-08-12 16:15:49,815 INFO sqlalchemy.engine.Engine select pg_catalog.version()
2026-08-12 16:15:49 | INFO     | sqlalchemy.engine.Engine | select pg_catalog.version()
2026-08-12 16:15:49,816 INFO sqlalchemy.engine.Engine [raw sql] {}
2026-08-12 16:15:49 | INFO     | sqlalchemy.engine.Engine | [raw sql] {}
2026-08-12 16:15:49,817 INFO sqlalchemy.engine.Engine select current_schema()
2026-08-12 16:15:49 | INFO     | sqlalchemy.engine.Engine | select current_schema()
2026-08-12 16:15:49,817 INFO sqlalchemy.engine.Engine [raw sql] {}
2026-08-12 16:15:49 | INFO     | sqlalchemy.engine.Engine | [raw sql] {}
2026-08-12 16:15:49,819 INFO sqlalchemy.engine.Engine show standard_conforming_strings
2026-08-12 16:15:49 | INFO     | sqlalchemy.engine.Engine | show standard_conforming_strings
2026-08-12 16:15:49,819 INFO sqlalchemy.engine.Engine [raw sql] {}
2026-08-12 16:15:49 | INFO     | sqlalchemy.engine.Engine | [raw sql] {}
2026-08-12 16:15:49,819 INFO sqlalchemy.engine.Engine BEGIN (implicit)
2026-08-12 16:15:49 | INFO     | sqlalchemy.engine.Engine | BEGIN (implicit)
2026-08-12 16:15:49,822 INFO sqlalchemy.engine.Engine SELECT pg_catalog.pg_class.relname 
FROM pg_catalog.pg_class JOIN pg_catalog.pg_namespace ON pg_catalog.pg_namespace.oid = pg_catalog.pg_class.relnamespace 
WHERE pg_catalog.pg_class.relname = %(table_name)s AND pg_catalog.pg_class.relkind = ANY (ARRAY[%(param_1)s, %(param_2)s, %(param_3)s, %(param_4)s, %(param_5)s]) AND pg_catalog.pg_table_is_visible(pg_catalog.pg_class.oid) AND pg_catalog.pg_namespace.nspname != %(nspname_1)s
2026-08-12 16:15:49 | INFO     | sqlalchemy.engine.Engine | SELECT pg_catalog.pg_class.relname 
FROM pg_catalog.pg_class JOIN pg_catalog.pg_namespace ON pg_catalog.pg_namespace.oid = pg_catalog.pg_class.relnamespace 
WHERE pg_catalog.pg_class.relname = %(table_name)s AND pg_catalog.pg_class.relkind = ANY (ARRAY[%(param_1)s, %(param_2)s, %(param_3)s, %(param_4)s, %(param_5)s]) AND pg_catalog.pg_table_is_visible(pg_catalog.pg_class.oid) AND pg_catalog.pg_namespace.nspname != %(nspname_1)s
2026-08-12 16:15:49,822 INFO sqlalchemy.engine.Engine [generated in 0.00019s] {'table_name': 'activities', 'param_1': 'r', 'param_2': 'p', 'param_3': 'f', 'param_4': 'v', 'param_5': 'm', 'nspname_1': 'pg_catalog'}
2026-08-12 16:15:49 | INFO     | sqlalchemy.engine.Engine | [generated in 0.00019s] {'table_name': 'activities', 'param_1': 'r', 'param_2': 'p', 'param_3': 'f', 'param_4': 'v', 'param_5': 'm', 'nspname_1': 'pg_catalog'}
2026-08-12 16:15:49,826 INFO sqlalchemy.engine.Engine SELECT pg_catalog.pg_class.relname 
FROM pg_catalog.pg_class JOIN pg_catalog.pg_namespace ON pg_catalog.pg_namespace.oid = pg_catalog.pg_class.relnamespace 
WHERE pg_catalog.pg_class.relname = %(table_name)s AND pg_catalog.pg_class.relkind = ANY (ARRAY[%(param_1)s, %(param_2)s, %(param_3)s, %(param_4)s, %(param_5)s]) AND pg_catalog.pg_table_is_visible(pg_catalog.pg_class.oid) AND pg_catalog.pg_namespace.nspname != %(nspname_1)s
2026-08-12 16:15:49 | INFO     | sqlalchemy.engine.Engine | SELECT pg_catalog.pg_class.relname 
FROM pg_catalog.pg_class JOIN pg_catalog.pg_namespace ON pg_catalog.pg_namespace.oid = pg_catalog.pg_class.relnamespace 
WHERE pg_catalog.pg_class.relname = %(table_name)s AND pg_catalog.pg_class.relkind = ANY (ARRAY[%(param_1)s, %(param_2)s, %(param_3)s, %(param_4)s, %(param_5)s]) AND pg_catalog.pg_table_is_visible(pg_catalog.pg_class.oid) AND pg_catalog.pg_namespace.nspname != %(nspname_1)s
2026-08-12 16:15:49,827 INFO sqlalchemy.engine.Engine [cached since 0.005066s ago] {'table_name': 'availabilities', 'param_1': 'r', 'param_2': 'p', 'param_3': 'f', 'param_4': 'v', 'param_5': 'm', 'nspname_1': 'pg_catalog'}
2026-08-12 16:15:49 | INFO     | sqlalchemy.engine.Engine | [cached since 0.005066s ago] {'table_name': 'availabilities', 'param_1': 'r', 'param_2': 'p', 'param_3': 'f', 'param_4': 'v', 'param_5': 'm', 'nspname_1': 'pg_catalog'}
2026-08-12 16:15:49,827 INFO sqlalchemy.engine.Engine SELECT pg_catalog.pg_class.relname 
FROM pg_catalog.pg_class JOIN pg_catalog.pg_namespace ON pg_catalog.pg_namespace.oid = pg_catalog.pg_class.relnamespace 
WHERE pg_catalog.pg_class.relname = %(table_name)s AND pg_catalog.pg_class.relkind = ANY (ARRAY[%(param_1)s, %(param_2)s, %(param_3)s, %(param_4)s, %(param_5)s]) AND pg_catalog.pg_table_is_visible(pg_catalog.pg_class.oid) AND pg_catalog.pg_namespace.nspname != %(nspname_1)s
2026-08-12 16:15:49 | INFO     | sqlalchemy.engine.Engine | SELECT pg_catalog.pg_class.relname 
FROM pg_catalog.pg_class JOIN pg_catalog.pg_namespace ON pg_catalog.pg_namespace.oid = pg_catalog.pg_class.relnamespace 
WHERE pg_catalog.pg_class.relname = %(table_name)s AND pg_catalog.pg_class.relkind = ANY (ARRAY[%(param_1)s, %(param_2)s, %(param_3)s, %(param_4)s, %(param_5)s]) AND pg_catalog.pg_table_is_visible(pg_catalog.pg_class.oid) AND pg_catalog.pg_namespace.nspname != %(nspname_1)s
2026-08-12 16:15:49,827 INFO sqlalchemy.engine.Engine [cached since 0.005941s ago] {'table_name': 'bookings', 'param_1': 'r', 'param_2': 'p', 'param_3': 'f', 'param_4': 'v', 'param_5': 'm', 'nspname_1': 'pg_catalog'}
2026-08-12 16:15:49 | INFO     | sqlalchemy.engine.Engine | [cached since 0.005941s ago] {'table_name': 'bookings', 'param_1': 'r', 'param_2': 'p', 'param_3': 'f', 'param_4': 'v', 'param_5': 'm', 'nspname_1': 'pg_catalog'}
2026-08-12 16:15:49,828 INFO sqlalchemy.engine.Engine SELECT pg_catalog.pg_class.relname 
FROM pg_catalog.pg_class JOIN pg_catalog.pg_namespace ON pg_catalog.pg_namespace.oid = pg_catalog.pg_class.relnamespace 
WHERE pg_catalog.pg_class.relname = %(table_name)s AND pg_catalog.pg_class.relkind = ANY (ARRAY[%(param_1)s, %(param_2)s, %(param_3)s, %(param_4)s, %(param_5)s]) AND pg_catalog.pg_table_is_visible(pg_catalog.pg_class.oid) AND pg_catalog.pg_namespace.nspname != %(nspname_1)s
2026-08-12 16:15:49 | INFO     | sqlalchemy.engine.Engine | SELECT pg_catalog.pg_class.relname 
FROM pg_catalog.pg_class JOIN pg_catalog.pg_namespace ON pg_catalog.pg_namespace.oid = pg_catalog.pg_class.relnamespace 
WHERE pg_catalog.pg_class.relname = %(table_name)s AND pg_catalog.pg_class.relkind = ANY (ARRAY[%(param_1)s, %(param_2)s, %(param_3)s, %(param_4)s, %(param_5)s]) AND pg_catalog.pg_table_is_visible(pg_catalog.pg_class.oid) AND pg_catalog.pg_namespace.nspname != %(nspname_1)s
2026-08-12 16:15:49,828 INFO sqlalchemy.engine.Engine [cached since 0.006549s ago] {'table_name': 'categories', 'param_1': 'r', 'param_2': 'p', 'param_3': 'f', 'param_4': 'v', 'param_5': 'm', 'nspname_1': 'pg_catalog'}
2026-08-12 16:15:49 | INFO     | sqlalchemy.engine.Engine | [cached since 0.006549s ago] {'table_name': 'categories', 'param_1': 'r', 'param_2': 'p', 'param_3': 'f', 'param_4': 'v', 'param_5': 'm', 'nspname_1': 'pg_catalog'}
2026-08-12 16:15:49,829 INFO sqlalchemy.engine.Engine SELECT pg_catalog.pg_class.relname 
FROM pg_catalog.pg_class JOIN pg_catalog.pg_namespace ON pg_catalog.pg_namespace.oid = pg_catalog.pg_class.relnamespace 
WHERE pg_catalog.pg_class.relname = %(table_name)s AND pg_catalog.pg_class.relkind = ANY (ARRAY[%(param_1)s, %(param_2)s, %(param_3)s, %(param_4)s, %(param_5)s]) AND pg_catalog.pg_table_is_visible(pg_catalog.pg_class.oid) AND pg_catalog.pg_namespace.nspname != %(nspname_1)s
2026-08-12 16:15:49 | INFO     | sqlalchemy.engine.Engine | SELECT pg_catalog.pg_class.relname 
FROM pg_catalog.pg_class JOIN pg_catalog.pg_namespace ON pg_catalog.pg_namespace.oid = pg_catalog.pg_class.relnamespace 
WHERE pg_catalog.pg_class.relname = %(table_name)s AND pg_catalog.pg_class.relkind = ANY (ARRAY[%(param_1)s, %(param_2)s, %(param_3)s, %(param_4)s, %(param_5)s]) AND pg_catalog.pg_table_is_visible(pg_catalog.pg_class.oid) AND pg_catalog.pg_namespace.nspname != %(nspname_1)s
2026-08-12 16:15:49,829 INFO sqlalchemy.engine.Engine [cached since 0.007089s ago] {'table_name': 'email_verification_tokens', 'param_1': 'r', 'param_2': 'p', 'param_3': 'f', 'param_4': 'v', 'param_5': 'm', 'nspname_1': 'pg_catalog'}
2026-08-12 16:15:49 | INFO     | sqlalchemy.engine.Engine | [cached since 0.007089s ago] {'table_name': 'email_verification_tokens', 'param_1': 'r', 'param_2': 'p', 'param_3': 'f', 'param_4': 'v', 'param_5': 'm', 'nspname_1': 'pg_catalog'}
2026-08-12 16:15:49,829 INFO sqlalchemy.engine.Engine SELECT pg_catalog.pg_class.relname 
FROM pg_catalog.pg_class JOIN pg_catalog.pg_namespace ON pg_catalog.pg_namespace.oid = pg_catalog.pg_class.relnamespace 
WHERE pg_catalog.pg_class.relname = %(table_name)s AND pg_catalog.pg_class.relkind = ANY (ARRAY[%(param_1)s, %(param_2)s, %(param_3)s, %(param_4)s, %(param_5)s]) AND pg_catalog.pg_table_is_visible(pg_catalog.pg_class.oid) AND pg_catalog.pg_namespace.nspname != %(nspname_1)s
2026-08-12 16:15:49 | INFO     | sqlalchemy.engine.Engine | SELECT pg_catalog.pg_class.relname 
FROM pg_catalog.pg_class JOIN pg_catalog.pg_namespace ON pg_catalog.pg_namespace.oid = pg_catalog.pg_class.relnamespace 
WHERE pg_catalog.pg_class.relname = %(table_name)s AND pg_catalog.pg_class.relkind = ANY (ARRAY[%(param_1)s, %(param_2)s, %(param_3)s, %(param_4)s, %(param_5)s]) AND pg_catalog.pg_table_is_visible(pg_catalog.pg_class.oid) AND pg_catalog.pg_namespace.nspname != %(nspname_1)s
2026-08-12 16:15:49,829 INFO sqlalchemy.engine.Engine [cached since 0.007638s ago] {'table_name': 'favorites', 'param_1': 'r', 'param_2': 'p', 'param_3': 'f', 'param_4': 'v', 'param_5': 'm', 'nspname_1': 'pg_catalog'}
2026-08-12 16:15:49 | INFO     | sqlalchemy.engine.Engine | [cached since 0.007638s ago] {'table_name': 'favorites', 'param_1': 'r', 'param_2': 'p', 'param_3': 'f', 'param_4': 'v', 'param_5': 'm', 'nspname_1': 'pg_catalog'}
2026-08-12 16:15:49,830 INFO sqlalchemy.engine.Engine SELECT pg_catalog.pg_class.relname 
FROM pg_catalog.pg_class JOIN pg_catalog.pg_namespace ON pg_catalog.pg_namespace.oid = pg_catalog.pg_class.relnamespace 
WHERE pg_catalog.pg_class.relname = %(table_name)s AND pg_catalog.pg_class.relkind = ANY (ARRAY[%(param_1)s, %(param_2)s, %(param_3)s, %(param_4)s, %(param_5)s]) AND pg_catalog.pg_table_is_visible(pg_catalog.pg_class.oid) AND pg_catalog.pg_namespace.nspname != %(nspname_1)s
2026-08-12 16:15:49 | INFO     | sqlalchemy.engine.Engine | SELECT pg_catalog.pg_class.relname 
FROM pg_catalog.pg_class JOIN pg_catalog.pg_namespace ON pg_catalog.pg_namespace.oid = pg_catalog.pg_class.relnamespace 
WHERE pg_catalog.pg_class.relname = %(table_name)s AND pg_catalog.pg_class.relkind = ANY (ARRAY[%(param_1)s, %(param_2)s, %(param_3)s, %(param_4)s, %(param_5)s]) AND pg_catalog.pg_table_is_visible(pg_catalog.pg_class.oid) AND pg_catalog.pg_namespace.nspname != %(nspname_1)s
2026-08-12 16:15:49,830 INFO sqlalchemy.engine.Engine [cached since 0.008148s ago] {'table_name': 'password_reset_tokens', 'param_1': 'r', 'param_2': 'p', 'param_3': 'f', 'param_4': 'v', 'param_5': 'm', 'nspname_1': 'pg_catalog'}
2026-08-12 16:15:49 | INFO     | sqlalchemy.engine.Engine | [cached since 0.008148s ago] {'table_name': 'password_reset_tokens', 'param_1': 'r', 'param_2': 'p', 'param_3': 'f', 'param_4': 'v', 'param_5': 'm', 'nspname_1': 'pg_catalog'}
2026-08-12 16:15:49,830 INFO sqlalchemy.engine.Engine SELECT pg_catalog.pg_class.relname 
FROM pg_catalog.pg_class JOIN pg_catalog.pg_namespace ON pg_catalog.pg_namespace.oid = pg_catalog.pg_class.relnamespace 
WHERE pg_catalog.pg_class.relname = %(table_name)s AND pg_catalog.pg_class.relkind = ANY (ARRAY[%(param_1)s, %(param_2)s, %(param_3)s, %(param_4)s, %(param_5)s]) AND pg_catalog.pg_table_is_visible(pg_catalog.pg_class.oid) AND pg_catalog.pg_namespace.nspname != %(nspname_1)s
2026-08-12 16:15:49 | INFO     | sqlalchemy.engine.Engine | SELECT pg_catalog.pg_class.relname 
FROM pg_catalog.pg_class JOIN pg_catalog.pg_namespace ON pg_catalog.pg_namespace.oid = pg_catalog.pg_class.relnamespace 
WHERE pg_catalog.pg_class.relname = %(table_name)s AND pg_catalog.pg_class.relkind = ANY (ARRAY[%(param_1)s, %(param_2)s, %(param_3)s, %(param_4)s, %(param_5)s]) AND pg_catalog.pg_table_is_visible(pg_catalog.pg_class.oid) AND pg_catalog.pg_namespace.nspname != %(nspname_1)s
2026-08-12 16:15:49,830 INFO sqlalchemy.engine.Engine [cached since 0.008624s ago] {'table_name': 'payments', 'param_1': 'r', 'param_2': 'p', 'param_3': 'f', 'param_4': 'v', 'param_5': 'm', 'nspname_1': 'pg_catalog'}
2026-08-12 16:15:49 | INFO     | sqlalchemy.engine.Engine | [cached since 0.008624s ago] {'table_name': 'payments', 'param_1': 'r', 'param_2': 'p', 'param_3': 'f', 'param_4': 'v', 'param_5': 'm', 'nspname_1': 'pg_catalog'}
2026-08-12 16:15:49,831 INFO sqlalchemy.engine.Engine SELECT pg_catalog.pg_class.relname 
FROM pg_catalog.pg_class JOIN pg_catalog.pg_namespace ON pg_catalog.pg_namespace.oid = pg_catalog.pg_class.relnamespace 
WHERE pg_catalog.pg_class.relname = %(table_name)s AND pg_catalog.pg_class.relkind = ANY (ARRAY[%(param_1)s, %(param_2)s, %(param_3)s, %(param_4)s, %(param_5)s]) AND pg_catalog.pg_table_is_visible(pg_catalog.pg_class.oid) AND pg_catalog.pg_namespace.nspname != %(nspname_1)s
2026-08-12 16:15:49 | INFO     | sqlalchemy.engine.Engine | SELECT pg_catalog.pg_class.relname 
FROM pg_catalog.pg_class JOIN pg_catalog.pg_namespace ON pg_catalog.pg_namespace.oid = pg_catalog.pg_class.relnamespace 
WHERE pg_catalog.pg_class.relname = %(table_name)s AND pg_catalog.pg_class.relkind = ANY (ARRAY[%(param_1)s, %(param_2)s, %(param_3)s, %(param_4)s, %(param_5)s]) AND pg_catalog.pg_table_is_visible(pg_catalog.pg_class.oid) AND pg_catalog.pg_namespace.nspname != %(nspname_1)s
2026-08-12 16:15:49,831 INFO sqlalchemy.engine.Engine [cached since 0.009714s ago] {'table_name': 'promo_codes', 'param_1': 'r', 'param_2': 'p', 'param_3': 'f', 'param_4': 'v', 'param_5': 'm', 'nspname_1': 'pg_catalog'}
2026-08-12 16:15:49 | INFO     | sqlalchemy.engine.Engine | [cached since 0.009714s ago] {'table_name': 'promo_codes', 'param_1': 'r', 'param_2': 'p', 'param_3': 'f', 'param_4': 'v', 'param_5': 'm', 'nspname_1': 'pg_catalog'}
2026-08-12 16:15:49,832 INFO sqlalchemy.engine.Engine SELECT pg_catalog.pg_class.relname 
FROM pg_catalog.pg_class JOIN pg_catalog.pg_namespace ON pg_catalog.pg_namespace.oid = pg_catalog.pg_class.relnamespace 
WHERE pg_catalog.pg_class.relname = %(table_name)s AND pg_catalog.pg_class.relkind = ANY (ARRAY[%(param_1)s, %(param_2)s, %(param_3)s, %(param_4)s, %(param_5)s]) AND pg_catalog.pg_table_is_visible(pg_catalog.pg_class.oid) AND pg_catalog.pg_namespace.nspname != %(nspname_1)s
2026-08-12 16:15:49 | INFO     | sqlalchemy.engine.Engine | SELECT pg_catalog.pg_class.relname 
FROM pg_catalog.pg_class JOIN pg_catalog.pg_namespace ON pg_catalog.pg_namespace.oid = pg_catalog.pg_class.relnamespace 
WHERE pg_catalog.pg_class.relname = %(table_name)s AND pg_catalog.pg_class.relkind = ANY (ARRAY[%(param_1)s, %(param_2)s, %(param_3)s, %(param_4)s, %(param_5)s]) AND pg_catalog.pg_table_is_visible(pg_catalog.pg_class.oid) AND pg_catalog.pg_namespace.nspname != %(nspname_1)s
2026-08-12 16:15:49,832 INFO sqlalchemy.engine.Engine [cached since 0.01076s ago] {'table_name': 'refresh_tokens', 'param_1': 'r', 'param_2': 'p', 'param_3': 'f', 'param_4': 'v', 'param_5': 'm', 'nspname_1': 'pg_catalog'}
2026-08-12 16:15:49 | INFO     | sqlalchemy.engine.Engine | [cached since 0.01076s ago] {'table_name': 'refresh_tokens', 'param_1': 'r', 'param_2': 'p', 'param_3': 'f', 'param_4': 'v', 'param_5': 'm', 'nspname_1': 'pg_catalog'}
2026-08-12 16:15:49,833 INFO sqlalchemy.engine.Engine SELECT pg_catalog.pg_class.relname 
FROM pg_catalog.pg_class JOIN pg_catalog.pg_namespace ON pg_catalog.pg_namespace.oid = pg_catalog.pg_class.relnamespace 
WHERE pg_catalog.pg_class.relname = %(table_name)s AND pg_catalog.pg_class.relkind = ANY (ARRAY[%(param_1)s, %(param_2)s, %(param_3)s, %(param_4)s, %(param_5)s]) AND pg_catalog.pg_table_is_visible(pg_catalog.pg_class.oid) AND pg_catalog.pg_namespace.nspname != %(nspname_1)s
2026-08-12 16:15:49 | INFO     | sqlalchemy.engine.Engine | SELECT pg_catalog.pg_class.relname 
FROM pg_catalog.pg_class JOIN pg_catalog.pg_namespace ON pg_catalog.pg_namespace.oid = pg_catalog.pg_class.relnamespace 
WHERE pg_catalog.pg_class.relname = %(table_name)s AND pg_catalog.pg_class.relkind = ANY (ARRAY[%(param_1)s, %(param_2)s, %(param_3)s, %(param_4)s, %(param_5)s]) AND pg_catalog.pg_table_is_visible(pg_catalog.pg_class.oid) AND pg_catalog.pg_namespace.nspname != %(nspname_1)s
2026-08-12 16:15:49,833 INFO sqlalchemy.engine.Engine [cached since 0.01152s ago] {'table_name': 'reviews', 'param_1': 'r', 'param_2': 'p', 'param_3': 'f', 'param_4': 'v', 'param_5': 'm', 'nspname_1': 'pg_catalog'}
2026-08-12 16:15:49 | INFO     | sqlalchemy.engine.Engine | [cached since 0.01152s ago] {'table_name': 'reviews', 'param_1': 'r', 'param_2': 'p', 'param_3': 'f', 'param_4': 'v', 'param_5': 'm', 'nspname_1': 'pg_catalog'}
2026-08-12 16:15:49,834 INFO sqlalchemy.engine.Engine SELECT pg_catalog.pg_class.relname 
FROM pg_catalog.pg_class JOIN pg_catalog.pg_namespace ON pg_catalog.pg_namespace.oid = pg_catalog.pg_class.relnamespace 
WHERE pg_catalog.pg_class.relname = %(table_name)s AND pg_catalog.pg_class.relkind = ANY (ARRAY[%(param_1)s, %(param_2)s, %(param_3)s, %(param_4)s, %(param_5)s]) AND pg_catalog.pg_table_is_visible(pg_catalog.pg_class.oid) AND pg_catalog.pg_namespace.nspname != %(nspname_1)s
2026-08-12 16:15:49 | INFO     | sqlalchemy.engine.Engine | SELECT pg_catalog.pg_class.relname 
FROM pg_catalog.pg_class JOIN pg_catalog.pg_namespace ON pg_catalog.pg_namespace.oid = pg_catalog.pg_class.relnamespace 
WHERE pg_catalog.pg_class.relname = %(table_name)s AND pg_catalog.pg_class.relkind = ANY (ARRAY[%(param_1)s, %(param_2)s, %(param_3)s, %(param_4)s, %(param_5)s]) AND pg_catalog.pg_table_is_visible(pg_catalog.pg_class.oid) AND pg_catalog.pg_namespace.nspname != %(nspname_1)s
2026-08-12 16:15:49,834 INFO sqlalchemy.engine.Engine [cached since 0.01221s ago] {'table_name': 'users', 'param_1': 'r', 'param_2': 'p', 'param_3': 'f', 'param_4': 'v', 'param_5': 'm', 'nspname_1': 'pg_catalog'}
2026-08-12 16:15:49 | INFO     | sqlalchemy.engine.Engine | [cached since 0.01221s ago] {'table_name': 'users', 'param_1': 'r', 'param_2': 'p', 'param_3': 'f', 'param_4': 'v', 'param_5': 'm', 'nspname_1': 'pg_catalog'}
2026-08-12 16:15:49,836 INFO sqlalchemy.engine.Engine SELECT pg_catalog.pg_type.typname 
FROM pg_catalog.pg_type JOIN pg_catalog.pg_namespace ON pg_catalog.pg_namespace.oid = pg_catalog.pg_type.typnamespace 
WHERE pg_catalog.pg_type.typname = %(typname_1)s AND pg_catalog.pg_type_is_visible(pg_catalog.pg_type.oid) AND pg_catalog.pg_namespace.nspname != %(nspname_1)s
2026-08-12 16:15:49 | INFO     | sqlalchemy.engine.Engine | SELECT pg_catalog.pg_type.typname 
FROM pg_catalog.pg_type JOIN pg_catalog.pg_namespace ON pg_catalog.pg_namespace.oid = pg_catalog.pg_type.typnamespace 
WHERE pg_catalog.pg_type.typname = %(typname_1)s AND pg_catalog.pg_type_is_visible(pg_catalog.pg_type.oid) AND pg_catalog.pg_namespace.nspname != %(nspname_1)s
2026-08-12 16:15:49,836 INFO sqlalchemy.engine.Engine [generated in 0.00021s] {'typname_1': 'bookingstatus', 'nspname_1': 'pg_catalog'}
2026-08-12 16:15:49 | INFO     | sqlalchemy.engine.Engine | [generated in 0.00021s] {'typname_1': 'bookingstatus', 'nspname_1': 'pg_catalog'}
2026-08-12 16:15:49,837 INFO sqlalchemy.engine.Engine SELECT pg_catalog.pg_type.typname 
FROM pg_catalog.pg_type JOIN pg_catalog.pg_namespace ON pg_catalog.pg_namespace.oid = pg_catalog.pg_type.typnamespace 
WHERE pg_catalog.pg_type.typname = %(typname_1)s AND pg_catalog.pg_type_is_visible(pg_catalog.pg_type.oid) AND pg_catalog.pg_namespace.nspname != %(nspname_1)s
2026-08-12 16:15:49 | INFO     | sqlalchemy.engine.Engine | SELECT pg_catalog.pg_type.typname 
FROM pg_catalog.pg_type JOIN pg_catalog.pg_namespace ON pg_catalog.pg_namespace.oid = pg_catalog.pg_type.typnamespace 
WHERE pg_catalog.pg_type.typname = %(typname_1)s AND pg_catalog.pg_type_is_visible(pg_catalog.pg_type.oid) AND pg_catalog.pg_namespace.nspname != %(nspname_1)s
2026-08-12 16:15:49,838 INFO sqlalchemy.engine.Engine [cached since 0.001575s ago] {'typname_1': 'paymenttype', 'nspname_1': 'pg_catalog'}
2026-08-12 16:15:49 | INFO     | sqlalchemy.engine.Engine | [cached since 0.001575s ago] {'typname_1': 'paymenttype', 'nspname_1': 'pg_catalog'}
2026-08-12 16:15:49,838 INFO sqlalchemy.engine.Engine SELECT pg_catalog.pg_type.typname 
FROM pg_catalog.pg_type JOIN pg_catalog.pg_namespace ON pg_catalog.pg_namespace.oid = pg_catalog.pg_type.typnamespace 
WHERE pg_catalog.pg_type.typname = %(typname_1)s AND pg_catalog.pg_type_is_visible(pg_catalog.pg_type.oid) AND pg_catalog.pg_namespace.nspname != %(nspname_1)s
2026-08-12 16:15:49 | INFO     | sqlalchemy.engine.Engine | SELECT pg_catalog.pg_type.typname 
FROM pg_catalog.pg_type JOIN pg_catalog.pg_namespace ON pg_catalog.pg_namespace.oid = pg_catalog.pg_type.typnamespace 
WHERE pg_catalog.pg_type.typname = %(typname_1)s AND pg_catalog.pg_type_is_visible(pg_catalog.pg_type.oid) AND pg_catalog.pg_namespace.nspname != %(nspname_1)s
2026-08-12 16:15:49,838 INFO sqlalchemy.engine.Engine [cached since 0.002431s ago] {'typname_1': 'paymentstatus', 'nspname_1': 'pg_catalog'}
2026-08-12 16:15:49 | INFO     | sqlalchemy.engine.Engine | [cached since 0.002431s ago] {'typname_1': 'paymentstatus', 'nspname_1': 'pg_catalog'}
2026-08-12 16:15:49,839 INFO sqlalchemy.engine.Engine SELECT pg_catalog.pg_type.typname 
FROM pg_catalog.pg_type JOIN pg_catalog.pg_namespace ON pg_catalog.pg_namespace.oid = pg_catalog.pg_type.typnamespace 
WHERE pg_catalog.pg_type.typname = %(typname_1)s AND pg_catalog.pg_type_is_visible(pg_catalog.pg_type.oid) AND pg_catalog.pg_namespace.nspname != %(nspname_1)s
2026-08-12 16:15:49 | INFO     | sqlalchemy.engine.Engine | SELECT pg_catalog.pg_type.typname 
FROM pg_catalog.pg_type JOIN pg_catalog.pg_namespace ON pg_catalog.pg_namespace.oid = pg_catalog.pg_type.typnamespace 
WHERE pg_catalog.pg_type.typname = %(typname_1)s AND pg_catalog.pg_type_is_visible(pg_catalog.pg_type.oid) AND pg_catalog.pg_namespace.nspname != %(nspname_1)s
2026-08-12 16:15:49,839 INFO sqlalchemy.engine.Engine [cached since 0.003159s ago] {'typname_1': 'userrole', 'nspname_1': 'pg_catalog'}
2026-08-12 16:15:49 | INFO     | sqlalchemy.engine.Engine | [cached since 0.003159s ago] {'typname_1': 'userrole', 'nspname_1': 'pg_catalog'}
2026-08-12 16:15:49,840 INFO sqlalchemy.engine.Engine COMMIT
2026-08-12 16:15:49 | INFO     | sqlalchemy.engine.Engine | COMMIT
2026-08-12 16:15:49,858 INFO sqlalchemy.engine.Engine BEGIN (implicit)
2026-08-12 16:15:49 | INFO     | sqlalchemy.engine.Engine | BEGIN (implicit)
2026-08-12 16:15:49,876 INFO sqlalchemy.engine.Engine SELECT users.id, users.nom, users.prenom, users.email, users.hashed_password, users.role, users.preferences, users.date_inscription, users.is_active, users.is_verified, users.email_verified_at, users.preferred_language, users.phone, users.avatar_url, users.created_at, users.updated_at 
FROM users 
WHERE users.email = %(email_1)s
2026-08-12 16:15:49 | INFO     | sqlalchemy.engine.Engine | SELECT users.id, users.nom, users.prenom, users.email, users.hashed_password, users.role, users.preferences, users.date_inscription, users.is_active, users.is_verified, users.email_verified_at, users.preferred_language, users.phone, users.avatar_url, users.created_at, users.updated_at 
FROM users 
WHERE users.email = %(email_1)s
2026-08-12 16:15:49,877 INFO sqlalchemy.engine.Engine [generated in 0.00020s] {'email_1': 'ali@test.com'}
2026-08-12 16:15:49 | INFO     | sqlalchemy.engine.Engine | [generated in 0.00020s] {'email_1': 'ali@test.com'}
2026-08-12 16:15:49,889 INFO sqlalchemy.engine.Engine INSERT INTO users (nom, prenom, email, hashed_password, role, preferences, is_active, is_verified, email_verified_at, preferred_language, phone, avatar_url) VALUES (%(nom)s, %(prenom)s, %(email)s, %(hashed_password)s, %(role)s, %(preferences)s, %(is_active)s, %(is_verified)s, %(email_verified_at)s, %(preferred_language)s, %(phone)s, %(avatar_url)s) RETURNING users.id, users.date_inscription, users.created_at, users.updated_at
2026-08-12 16:15:49 | INFO     | sqlalchemy.engine.Engine | INSERT INTO users (nom, prenom, email, hashed_password, role, preferences, is_active, is_verified, email_verified_at, preferred_language, phone, avatar_url) VALUES (%(nom)s, %(prenom)s, %(email)s, %(hashed_password)s, %(role)s, %(preferences)s, %(is_active)s, %(is_verified)s, %(email_verified_at)s, %(preferred_language)s, %(phone)s, %(avatar_url)s) RETURNING users.id, users.date_inscription, users.created_at, users.updated_at
2026-08-12 16:15:49,889 INFO sqlalchemy.engine.Engine [generated in 0.00027s] {'nom': 'Ali', 'prenom': 'Test', 'email': 'ali@test.com', 'hashed_password': '$pbkdf2-sha256$29000$6H3POUdIybnXujemFOI85w$RPlOqO5Qow7O./3ojmJFQWPf4e6v6e4Mv39AsuENLJU', 'role': '2', 'preferences': None, 'is_active': True, 'is_verified': False, 'email_verified_at': None, 'preferred_language': 'fr', 'phone': None, 'avatar_url': None}
2026-08-12 16:15:49 | INFO     | sqlalchemy.engine.Engine | [generated in 0.00027s] {'nom': 'Ali', 'prenom': 'Test', 'email': 'ali@test.com', 'hashed_password': '$pbkdf2-sha256$29000$6H3POUdIybnXujemFOI85w$RPlOqO5Qow7O./3ojmJFQWPf4e6v6e4Mv39AsuENLJU', 'role': '2', 'preferences': None, 'is_active': True, 'is_verified': False, 'email_verified_at': None, 'preferred_language': 'fr', 'phone': None, 'avatar_url': None}
2026-08-12 16:15:49,894 INFO sqlalchemy.engine.Engine INSERT INTO email_verification_tokens (id, user_id, token_hash, expires_at, used_at) VALUES (%(id)s::UUID, %(user_id)s, %(token_hash)s, %(expires_at)s, %(used_at)s)
2026-08-12 16:15:49 | INFO     | sqlalchemy.engine.Engine | INSERT INTO email_verification_tokens (id, user_id, token_hash, expires_at, used_at) VALUES (%(id)s::UUID, %(user_id)s, %(token_hash)s, %(expires_at)s, %(used_at)s)
2026-08-12 16:15:49,894 INFO sqlalchemy.engine.Engine [generated in 0.00020s] {'id': UUID('0e8163df-fc64-488b-bef7-27d52c9c8a98'), 'user_id': 31, 'token_hash': '28e7234668777f9ed7a63b82eac501322fa9ac707238d8a3e9e89c599458ab13', 'expires_at': datetime.datetime(2026, 8, 13, 15, 15, 49, 893299, tzinfo=datetime.timezone.utc), 'used_at': None}
2026-08-12 16:15:49 | INFO     | sqlalchemy.engine.Engine | [generated in 0.00020s] {'id': UUID('0e8163df-fc64-488b-bef7-27d52c9c8a98'), 'user_id': 31, 'token_hash': '28e7234668777f9ed7a63b82eac501322fa9ac707238d8a3e9e89c599458ab13', 'expires_at': datetime.datetime(2026, 8, 13, 15, 15, 49, 893299, tzinfo=datetime.timezone.utc), 'used_at': None}
2026-08-12 16:15:49,898 INFO sqlalchemy.engine.Engine COMMIT
2026-08-12 16:15:49 | INFO     | sqlalchemy.engine.Engine | COMMIT
2026-08-12 16:15:49,901 INFO sqlalchemy.engine.Engine BEGIN (implicit)
2026-08-12 16:15:49 | INFO     | sqlalchemy.engine.Engine | BEGIN (implicit)
2026-08-12 16:15:49,903 INFO sqlalchemy.engine.Engine SELECT users.id AS users_id, users.nom AS users_nom, users.prenom AS users_prenom, users.email AS users_email, users.hashed_password AS users_hashed_password, users.role AS users_role, users.preferences AS users_preferences, users.date_inscription AS users_date_inscription, users.is_active AS users_is_active, users.is_verified AS users_is_verified, users.email_verified_at AS users_email_verified_at, users.preferred_language AS users_preferred_language, users.phone AS users_phone, users.avatar_url AS users_avatar_url, users.created_at AS users_created_at, users.updated_at AS users_updated_at 
FROM users 
WHERE users.id = %(pk_1)s
2026-08-12 16:15:49 | INFO     | sqlalchemy.engine.Engine | SELECT users.id AS users_id, users.nom AS users_nom, users.prenom AS users_prenom, users.email AS users_email, users.hashed_password AS users_hashed_password, users.role AS users_role, users.preferences AS users_preferences, users.date_inscription AS users_date_inscription, users.is_active AS users_is_active, users.is_verified AS users_is_verified, users.email_verified_at AS users_email_verified_at, users.preferred_language AS users_preferred_language, users.phone AS users_phone, users.avatar_url AS users_avatar_url, users.created_at AS users_created_at, users.updated_at AS users_updated_at 
FROM users 
WHERE users.id = %(pk_1)s
2026-08-12 16:15:49,903 INFO sqlalchemy.engine.Engine [generated in 0.00022s] {'pk_1': 31}
2026-08-12 16:15:49 | INFO     | sqlalchemy.engine.Engine | [generated in 0.00022s] {'pk_1': 31}
2026-08-12 16:15:49 | INFO     | app.api.v1.routers.auth.auth_router | Scheduling verification email for ali@test.com
2026-08-12 16:15:49 | INFO     | app.main | POST /api/v1/auth/register -> 201 (61.1 ms)
2026-08-12 16:15:49,905 INFO sqlalchemy.engine.Engine ROLLBACK
2026-08-12 16:15:49 | INFO     | sqlalchemy.engine.Engine | ROLLBACK
2026-08-12 16:15:49 | INFO     | httpx | HTTP Request: POST http://testserver/api/v1/auth/register "HTTP/1.1 201 Created"
2026-08-12 16:15:49 | INFO     | app.api.v1.routers.auth.auth_router | Login attempt for ali@test.com
2026-08-12 16:15:49,912 INFO sqlalchemy.engine.Engine BEGIN (implicit)
2026-08-12 16:15:49 | INFO     | sqlalchemy.engine.Engine | BEGIN (implicit)
2026-08-12 16:15:49,912 INFO sqlalchemy.engine.Engine SELECT users.id, users.nom, users.prenom, users.email, users.hashed_password, users.role, users.preferences, users.date_inscription, users.is_active, users.is_verified, users.email_verified_at, users.preferred_language, users.phone, users.avatar_url, users.created_at, users.updated_at 
FROM users 
WHERE users.email = %(email_1)s
2026-08-12 16:15:49 | INFO     | sqlalchemy.engine.Engine | SELECT users.id, users.nom, users.prenom, users.email, users.hashed_password, users.role, users.preferences, users.date_inscription, users.is_active, users.is_verified, users.email_verified_at, users.preferred_language, users.phone, users.avatar_url, users.created_at, users.updated_at 
FROM users 
WHERE users.email = %(email_1)s
2026-08-12 16:15:49,913 INFO sqlalchemy.engine.Engine [cached since 0.03622s ago] {'email_1': 'ali@test.com'}
2026-08-12 16:15:49 | INFO     | sqlalchemy.engine.Engine | [cached since 0.03622s ago] {'email_1': 'ali@test.com'}
2026-08-12 16:15:49,920 INFO sqlalchemy.engine.Engine ROLLBACK
2026-08-12 16:15:49 | INFO     | sqlalchemy.engine.Engine | ROLLBACK
2026-08-12 16:15:49 | INFO     | app.main | POST /api/v1/auth/login -> 403 (12.3 ms)
2026-08-12 16:15:49 | INFO     | httpx | HTTP Request: POST http://testserver/api/v1/auth/login "HTTP/1.1 403 Forbidden"
2026-08-12 16:15:49,926 INFO sqlalchemy.engine.Engine BEGIN (implicit)
2026-08-12 16:15:49 | INFO     | sqlalchemy.engine.Engine | BEGIN (implicit)
2026-08-12 16:15:49,927 INFO sqlalchemy.engine.Engine SELECT email_verification_tokens.id, email_verification_tokens.user_id, email_verification_tokens.token_hash, email_verification_tokens.expires_at, email_verification_tokens.used_at 
FROM email_verification_tokens JOIN users ON users.id = email_verification_tokens.user_id 
WHERE email_verification_tokens.token_hash = %(token_hash_1)s
2026-08-12 16:15:49 | INFO     | sqlalchemy.engine.Engine | SELECT email_verification_tokens.id, email_verification_tokens.user_id, email_verification_tokens.token_hash, email_verification_tokens.expires_at, email_verification_tokens.used_at 
FROM email_verification_tokens JOIN users ON users.id = email_verification_tokens.user_id 
WHERE email_verification_tokens.token_hash = %(token_hash_1)s
2026-08-12 16:15:49,928 INFO sqlalchemy.engine.Engine [generated in 0.00026s] {'token_hash_1': '28e7234668777f9ed7a63b82eac501322fa9ac707238d8a3e9e89c599458ab13'}
2026-08-12 16:15:49 | INFO     | sqlalchemy.engine.Engine | [generated in 0.00026s] {'token_hash_1': '28e7234668777f9ed7a63b82eac501322fa9ac707238d8a3e9e89c599458ab13'}
2026-08-12 16:15:49,932 INFO sqlalchemy.engine.Engine SELECT users.id AS users_id, users.nom AS users_nom, users.prenom AS users_prenom, users.email AS users_email, users.hashed_password AS users_hashed_password, users.role AS users_role, users.preferences AS users_preferences, users.date_inscription AS users_date_inscription, users.is_active AS users_is_active, users.is_verified AS users_is_verified, users.email_verified_at AS users_email_verified_at, users.preferred_language AS users_preferred_language, users.phone AS users_phone, users.avatar_url AS users_avatar_url, users.created_at AS users_created_at, users.updated_at AS users_updated_at 
FROM users 
WHERE users.id = %(pk_1)s
2026-08-12 16:15:49 | INFO     | sqlalchemy.engine.Engine | SELECT users.id AS users_id, users.nom AS users_nom, users.prenom AS users_prenom, users.email AS users_email, users.hashed_password AS users_hashed_password, users.role AS users_role, users.preferences AS users_preferences, users.date_inscription AS users_date_inscription, users.is_active AS users_is_active, users.is_verified AS users_is_verified, users.email_verified_at AS users_email_verified_at, users.preferred_language AS users_preferred_language, users.phone AS users_phone, users.avatar_url AS users_avatar_url, users.created_at AS users_created_at, users.updated_at AS users_updated_at 
FROM users 
WHERE users.id = %(pk_1)s
2026-08-12 16:15:49,932 INFO sqlalchemy.engine.Engine [generated in 0.00029s] {'pk_1': 31}
2026-08-12 16:15:49 | INFO     | sqlalchemy.engine.Engine | [generated in 0.00029s] {'pk_1': 31}
2026-08-12 16:15:49,935 INFO sqlalchemy.engine.Engine UPDATE users SET is_verified=%(is_verified)s, email_verified_at=%(email_verified_at)s, updated_at=now() WHERE users.id = %(users_id)s
2026-08-12 16:15:49 | INFO     | sqlalchemy.engine.Engine | UPDATE users SET is_verified=%(is_verified)s, email_verified_at=%(email_verified_at)s, updated_at=now() WHERE users.id = %(users_id)s
2026-08-12 16:15:49,935 INFO sqlalchemy.engine.Engine [generated in 0.00023s] {'is_verified': True, 'email_verified_at': datetime.datetime(2026, 8, 12, 15, 15, 49, 933538, tzinfo=datetime.timezone.utc), 'users_id': 31}
2026-08-12 16:15:49 | INFO     | sqlalchemy.engine.Engine | [generated in 0.00023s] {'is_verified': True, 'email_verified_at': datetime.datetime(2026, 8, 12, 15, 15, 49, 933538, tzinfo=datetime.timezone.utc), 'users_id': 31}
2026-08-12 16:15:49,937 INFO sqlalchemy.engine.Engine UPDATE email_verification_tokens SET used_at=%(used_at)s WHERE email_verification_tokens.id = %(email_verification_tokens_id)s::UUID
2026-08-12 16:15:49 | INFO     | sqlalchemy.engine.Engine | UPDATE email_verification_tokens SET used_at=%(used_at)s WHERE email_verification_tokens.id = %(email_verification_tokens_id)s::UUID
2026-08-12 16:15:49,937 INFO sqlalchemy.engine.Engine [generated in 0.00019s] {'used_at': datetime.datetime(2026, 8, 12, 15, 15, 49, 933538, tzinfo=datetime.timezone.utc), 'email_verification_tokens_id': UUID('0e8163df-fc64-488b-bef7-27d52c9c8a98')}
2026-08-12 16:15:49 | INFO     | sqlalchemy.engine.Engine | [generated in 0.00019s] {'used_at': datetime.datetime(2026, 8, 12, 15, 15, 49, 933538, tzinfo=datetime.timezone.utc), 'email_verification_tokens_id': UUID('0e8163df-fc64-488b-bef7-27d52c9c8a98')}
2026-08-12 16:15:49,938 INFO sqlalchemy.engine.Engine COMMIT
2026-08-12 16:15:49 | INFO     | sqlalchemy.engine.Engine | COMMIT
2026-08-12 16:15:49 | INFO     | app.main | POST /api/v1/auth/verify-email -> 200 (15.5 ms)
2026-08-12 16:15:49 | INFO     | httpx | HTTP Request: POST http://testserver/api/v1/auth/verify-email "HTTP/1.1 200 OK"
2026-08-12 16:15:49 | INFO     | app.api.v1.routers.auth.auth_router | Login attempt for ali@test.com
2026-08-12 16:15:49,950 INFO sqlalchemy.engine.Engine BEGIN (implicit)
2026-08-12 16:15:49 | INFO     | sqlalchemy.engine.Engine | BEGIN (implicit)
2026-08-12 16:15:49,950 INFO sqlalchemy.engine.Engine SELECT users.id, users.nom, users.prenom, users.email, users.hashed_password, users.role, users.preferences, users.date_inscription, users.is_active, users.is_verified, users.email_verified_at, users.preferred_language, users.phone, users.avatar_url, users.created_at, users.updated_at 
FROM users 
WHERE users.email = %(email_1)s
2026-08-12 16:15:49 | INFO     | sqlalchemy.engine.Engine | SELECT users.id, users.nom, users.prenom, users.email, users.hashed_password, users.role, users.preferences, users.date_inscription, users.is_active, users.is_verified, users.email_verified_at, users.preferred_language, users.phone, users.avatar_url, users.created_at, users.updated_at 
FROM users 
WHERE users.email = %(email_1)s
2026-08-12 16:15:49,950 INFO sqlalchemy.engine.Engine [cached since 0.07367s ago] {'email_1': 'ali@test.com'}
2026-08-12 16:15:49 | INFO     | sqlalchemy.engine.Engine | [cached since 0.07367s ago] {'email_1': 'ali@test.com'}
2026-08-12 16:15:49,957 INFO sqlalchemy.engine.Engine INSERT INTO refresh_tokens (id, user_id, token_hash, expires_at, revoked, user_agent) VALUES (%(id)s::UUID, %(user_id)s, %(token_hash)s, %(expires_at)s, %(revoked)s, %(user_agent)s)
2026-08-12 16:15:49 | INFO     | sqlalchemy.engine.Engine | INSERT INTO refresh_tokens (id, user_id, token_hash, expires_at, revoked, user_agent) VALUES (%(id)s::UUID, %(user_id)s, %(token_hash)s, %(expires_at)s, %(revoked)s, %(user_agent)s)
2026-08-12 16:15:49,957 INFO sqlalchemy.engine.Engine [generated in 0.00028s] {'id': UUID('b62c990e-4c83-47ef-a07c-2e40a95f474b'), 'user_id': 31, 'token_hash': '428fc8abee6b8b30b912c9dcd21f929e0ce89849fc1e1ad544390457a6c3586d', 'expires_at': datetime.datetime(2026, 8, 19, 15, 15, 49, 956576, tzinfo=datetime.timezone.utc), 'revoked': False, 'user_agent': 'testclient'}
2026-08-12 16:15:49 | INFO     | sqlalchemy.engine.Engine | [generated in 0.00028s] {'id': UUID('b62c990e-4c83-47ef-a07c-2e40a95f474b'), 'user_id': 31, 'token_hash': '428fc8abee6b8b30b912c9dcd21f929e0ce89849fc1e1ad544390457a6c3586d', 'expires_at': datetime.datetime(2026, 8, 19, 15, 15, 49, 956576, tzinfo=datetime.timezone.utc), 'revoked': False, 'user_agent': 'testclient'}
2026-08-12 16:15:49,959 INFO sqlalchemy.engine.Engine COMMIT
2026-08-12 16:15:49 | INFO     | sqlalchemy.engine.Engine | COMMIT
2026-08-12 16:15:49,960 INFO sqlalchemy.engine.Engine BEGIN (implicit)
2026-08-12 16:15:49 | INFO     | sqlalchemy.engine.Engine | BEGIN (implicit)
2026-08-12 16:15:49,961 INFO sqlalchemy.engine.Engine SELECT users.id AS users_id, users.nom AS users_nom, users.prenom AS users_prenom, users.email AS users_email, users.hashed_password AS users_hashed_password, users.role AS users_role, users.preferences AS users_preferences, users.date_inscription AS users_date_inscription, users.is_active AS users_is_active, users.is_verified AS users_is_verified, users.email_verified_at AS users_email_verified_at, users.preferred_language AS users_preferred_language, users.phone AS users_phone, users.avatar_url AS users_avatar_url, users.created_at AS users_created_at, users.updated_at AS users_updated_at 
FROM users 
WHERE users.id = %(pk_1)s
2026-08-12 16:15:49 | INFO     | sqlalchemy.engine.Engine | SELECT users.id AS users_id, users.nom AS users_nom, users.prenom AS users_prenom, users.email AS users_email, users.hashed_password AS users_hashed_password, users.role AS users_role, users.preferences AS users_preferences, users.date_inscription AS users_date_inscription, users.is_active AS users_is_active, users.is_verified AS users_is_verified, users.email_verified_at AS users_email_verified_at, users.preferred_language AS users_preferred_language, users.phone AS users_phone, users.avatar_url AS users_avatar_url, users.created_at AS users_created_at, users.updated_at AS users_updated_at 
FROM users 
WHERE users.id = %(pk_1)s
2026-08-12 16:15:49,961 INFO sqlalchemy.engine.Engine [cached since 0.05809s ago] {'pk_1': 31}
2026-08-12 16:15:49 | INFO     | sqlalchemy.engine.Engine | [cached since 0.05809s ago] {'pk_1': 31}
2026-08-12 16:15:49 | INFO     | app.main | POST /api/v1/auth/login -> 200 (26.6 ms)
2026-08-12 16:15:49,970 INFO sqlalchemy.engine.Engine ROLLBACK
2026-08-12 16:15:49 | INFO     | sqlalchemy.engine.Engine | ROLLBACK
2026-08-12 16:15:49 | INFO     | httpx | HTTP Request: POST http://testserver/api/v1/auth/login "HTTP/1.1 200 OK"
2026-08-12 16:15:49,975 INFO sqlalchemy.engine.Engine BEGIN (implicit)
2026-08-12 16:15:49 | INFO     | sqlalchemy.engine.Engine | BEGIN (implicit)
2026-08-12 16:15:49,975 INFO sqlalchemy.engine.Engine SELECT users.id, users.nom, users.prenom, users.email, users.hashed_password, users.role, users.preferences, users.date_inscription, users.is_active, users.is_verified, users.email_verified_at, users.preferred_language, users.phone, users.avatar_url, users.created_at, users.updated_at 
FROM users 
WHERE users.email = %(email_1)s
2026-08-12 16:15:49 | INFO     | sqlalchemy.engine.Engine | SELECT users.id, users.nom, users.prenom, users.email, users.hashed_password, users.role, users.preferences, users.date_inscription, users.is_active, users.is_verified, users.email_verified_at, users.preferred_language, users.phone, users.avatar_url, users.created_at, users.updated_at 
FROM users 
WHERE users.email = %(email_1)s
2026-08-12 16:15:49,975 INFO sqlalchemy.engine.Engine [cached since 0.09855s ago] {'email_1': 'ali@test.com'}
2026-08-12 16:15:49 | INFO     | sqlalchemy.engine.Engine | [cached since 0.09855s ago] {'email_1': 'ali@test.com'}
2026-08-12 16:15:49,976 INFO sqlalchemy.engine.Engine INSERT INTO password_reset_tokens (id, user_id, token_hash, expires_at, used_at) VALUES (%(id)s::UUID, %(user_id)s, %(token_hash)s, %(expires_at)s, %(used_at)s)
2026-08-12 16:15:49 | INFO     | sqlalchemy.engine.Engine | INSERT INTO password_reset_tokens (id, user_id, token_hash, expires_at, used_at) VALUES (%(id)s::UUID, %(user_id)s, %(token_hash)s, %(expires_at)s, %(used_at)s)
2026-08-12 16:15:49,976 INFO sqlalchemy.engine.Engine [generated in 0.00016s] {'id': UUID('735d2fd8-b09c-4bd8-acf4-41ab0158b64b'), 'user_id': 31, 'token_hash': '4225466f46976e5877d0c8f7a77eafbf97a92841dedabae705816fa4c76e033f', 'expires_at': datetime.datetime(2026, 8, 12, 15, 45, 49, 976079, tzinfo=datetime.timezone.utc), 'used_at': None}
2026-08-12 16:15:49 | INFO     | sqlalchemy.engine.Engine | [generated in 0.00016s] {'id': UUID('735d2fd8-b09c-4bd8-acf4-41ab0158b64b'), 'user_id': 31, 'token_hash': '4225466f46976e5877d0c8f7a77eafbf97a92841dedabae705816fa4c76e033f', 'expires_at': datetime.datetime(2026, 8, 12, 15, 45, 49, 976079, tzinfo=datetime.timezone.utc), 'used_at': None}
2026-08-12 16:15:49,978 INFO sqlalchemy.engine.Engine COMMIT
2026-08-12 16:15:49 | INFO     | sqlalchemy.engine.Engine | COMMIT
2026-08-12 16:15:49,980 INFO sqlalchemy.engine.Engine BEGIN (implicit)
2026-08-12 16:15:49 | INFO     | sqlalchemy.engine.Engine | BEGIN (implicit)
2026-08-12 16:15:49,980 INFO sqlalchemy.engine.Engine SELECT users.id AS users_id, users.nom AS users_nom, users.prenom AS users_prenom, users.email AS users_email, users.hashed_password AS users_hashed_password, users.role AS users_role, users.preferences AS users_preferences, users.date_inscription AS users_date_inscription, users.is_active AS users_is_active, users.is_verified AS users_is_verified, users.email_verified_at AS users_email_verified_at, users.preferred_language AS users_preferred_language, users.phone AS users_phone, users.avatar_url AS users_avatar_url, users.created_at AS users_created_at, users.updated_at AS users_updated_at 
FROM users 
WHERE users.id = %(pk_1)s
2026-08-12 16:15:49 | INFO     | sqlalchemy.engine.Engine | SELECT users.id AS users_id, users.nom AS users_nom, users.prenom AS users_prenom, users.email AS users_email, users.hashed_password AS users_hashed_password, users.role AS users_role, users.preferences AS users_preferences, users.date_inscription AS users_date_inscription, users.is_active AS users_is_active, users.is_verified AS users_is_verified, users.email_verified_at AS users_email_verified_at, users.preferred_language AS users_preferred_language, users.phone AS users_phone, users.avatar_url AS users_avatar_url, users.created_at AS users_created_at, users.updated_at AS users_updated_at 
FROM users 
WHERE users.id = %(pk_1)s
2026-08-12 16:15:49,980 INFO sqlalchemy.engine.Engine [cached since 0.07715s ago] {'pk_1': 31}
2026-08-12 16:15:49 | INFO     | sqlalchemy.engine.Engine | [cached since 0.07715s ago] {'pk_1': 31}
2026-08-12 16:15:49 | INFO     | app.main | POST /api/v1/auth/forgot-password -> 200 (7.9 ms)
2026-08-12 16:15:49,981 INFO sqlalchemy.engine.Engine ROLLBACK
2026-08-12 16:15:49 | INFO     | sqlalchemy.engine.Engine | ROLLBACK
2026-08-12 16:15:49 | INFO     | httpx | HTTP Request: POST http://testserver/api/v1/auth/forgot-password "HTTP/1.1 200 OK"
2026-08-12 16:15:49,986 INFO sqlalchemy.engine.Engine BEGIN (implicit)
2026-08-12 16:15:49 | INFO     | sqlalchemy.engine.Engine | BEGIN (implicit)
2026-08-12 16:15:49,987 INFO sqlalchemy.engine.Engine SELECT password_reset_tokens.id, password_reset_tokens.user_id, password_reset_tokens.token_hash, password_reset_tokens.expires_at, password_reset_tokens.used_at 
FROM password_reset_tokens 
WHERE password_reset_tokens.token_hash = %(token_hash_1)s
2026-08-12 16:15:49 | INFO     | sqlalchemy.engine.Engine | SELECT password_reset_tokens.id, password_reset_tokens.user_id, password_reset_tokens.token_hash, password_reset_tokens.expires_at, password_reset_tokens.used_at 
FROM password_reset_tokens 
WHERE password_reset_tokens.token_hash = %(token_hash_1)s
2026-08-12 16:15:49,987 INFO sqlalchemy.engine.Engine [generated in 0.00027s] {'token_hash_1': '4225466f46976e5877d0c8f7a77eafbf97a92841dedabae705816fa4c76e033f'}
2026-08-12 16:15:49 | INFO     | sqlalchemy.engine.Engine | [generated in 0.00027s] {'token_hash_1': '4225466f46976e5877d0c8f7a77eafbf97a92841dedabae705816fa4c76e033f'}
2026-08-12 16:15:50,042 INFO sqlalchemy.engine.Engine SELECT users.id AS users_id, users.nom AS users_nom, users.prenom AS users_prenom, users.email AS users_email, users.hashed_password AS users_hashed_password, users.role AS users_role, users.preferences AS users_preferences, users.date_inscription AS users_date_inscription, users.is_active AS users_is_active, users.is_verified AS users_is_verified, users.email_verified_at AS users_email_verified_at, users.preferred_language AS users_preferred_language, users.phone AS users_phone, users.avatar_url AS users_avatar_url, users.created_at AS users_created_at, users.updated_at AS users_updated_at 
FROM users 
WHERE users.id = %(pk_1)s
2026-08-12 16:15:50 | INFO     | sqlalchemy.engine.Engine | SELECT users.id AS users_id, users.nom AS users_nom, users.prenom AS users_prenom, users.email AS users_email, users.hashed_password AS users_hashed_password, users.role AS users_role, users.preferences AS users_preferences, users.date_inscription AS users_date_inscription, users.is_active AS users_is_active, users.is_verified AS users_is_verified, users.email_verified_at AS users_email_verified_at, users.preferred_language AS users_preferred_language, users.phone AS users_phone, users.avatar_url AS users_avatar_url, users.created_at AS users_created_at, users.updated_at AS users_updated_at 
FROM users 
WHERE users.id = %(pk_1)s
2026-08-12 16:15:50,042 INFO sqlalchemy.engine.Engine [generated in 0.00026s] {'pk_1': 31}
2026-08-12 16:15:50 | INFO     | sqlalchemy.engine.Engine | [generated in 0.00026s] {'pk_1': 31}
2026-08-12 16:15:50,050 INFO sqlalchemy.engine.Engine UPDATE refresh_tokens SET revoked=%(revoked)s WHERE refresh_tokens.user_id = %(user_id_1)s AND refresh_tokens.revoked IS false
2026-08-12 16:15:50 | INFO     | sqlalchemy.engine.Engine | UPDATE refresh_tokens SET revoked=%(revoked)s WHERE refresh_tokens.user_id = %(user_id_1)s AND refresh_tokens.revoked IS false
2026-08-12 16:15:50,050 INFO sqlalchemy.engine.Engine [generated in 0.00021s] {'revoked': True, 'user_id_1': 31}
2026-08-12 16:15:50 | INFO     | sqlalchemy.engine.Engine | [generated in 0.00021s] {'revoked': True, 'user_id_1': 31}
2026-08-12 16:15:50,054 INFO sqlalchemy.engine.Engine UPDATE users SET hashed_password=%(hashed_password)s, updated_at=now() WHERE users.id = %(users_id)s
2026-08-12 16:15:50 | INFO     | sqlalchemy.engine.Engine | UPDATE users SET hashed_password=%(hashed_password)s, updated_at=now() WHERE users.id = %(users_id)s
2026-08-12 16:15:50,054 INFO sqlalchemy.engine.Engine [generated in 0.00020s] {'hashed_password': '$pbkdf2-sha256$29000$x/jf.78X4hyjVEoppdTamw$uON.Q1a.cpeVlqqUDDpPQsgfB55oFvgPZnH4MlUCYLM', 'users_id': 31}
2026-08-12 16:15:50 | INFO     | sqlalchemy.engine.Engine | [generated in 0.00020s] {'hashed_password': '$pbkdf2-sha256$29000$x/jf.78X4hyjVEoppdTamw$uON.Q1a.cpeVlqqUDDpPQsgfB55oFvgPZnH4MlUCYLM', 'users_id': 31}
2026-08-12 16:15:50,055 INFO sqlalchemy.engine.Engine UPDATE password_reset_tokens SET used_at=%(used_at)s WHERE password_reset_tokens.id = %(password_reset_tokens_id)s::UUID
2026-08-12 16:15:50 | INFO     | sqlalchemy.engine.Engine | UPDATE password_reset_tokens SET used_at=%(used_at)s WHERE password_reset_tokens.id = %(password_reset_tokens_id)s::UUID
2026-08-12 16:15:50,055 INFO sqlalchemy.engine.Engine [generated in 0.00015s] {'used_at': datetime.datetime(2026, 8, 12, 15, 15, 50, 49241, tzinfo=datetime.timezone.utc), 'password_reset_tokens_id': UUID('735d2fd8-b09c-4bd8-acf4-41ab0158b64b')}
2026-08-12 16:15:50 | INFO     | sqlalchemy.engine.Engine | [generated in 0.00015s] {'used_at': datetime.datetime(2026, 8, 12, 15, 15, 50, 49241, tzinfo=datetime.timezone.utc), 'password_reset_tokens_id': UUID('735d2fd8-b09c-4bd8-acf4-41ab0158b64b')}
2026-08-12 16:15:50,056 INFO sqlalchemy.engine.Engine COMMIT
2026-08-12 16:15:50 | INFO     | sqlalchemy.engine.Engine | COMMIT
2026-08-12 16:15:50 | INFO     | app.main | POST /api/v1/auth/reset-password -> 200 (71.9 ms)
2026-08-12 16:15:50 | INFO     | httpx | HTTP Request: POST http://testserver/api/v1/auth/reset-password "HTTP/1.1 200 OK"
2026-08-12 16:15:50 | INFO     | app.api.v1.routers.auth.auth_router | Login attempt for ali@test.com
2026-08-12 16:15:50,062 INFO sqlalchemy.engine.Engine BEGIN (implicit)
2026-08-12 16:15:50 | INFO     | sqlalchemy.engine.Engine | BEGIN (implicit)
2026-08-12 16:15:50,062 INFO sqlalchemy.engine.Engine SELECT users.id, users.nom, users.prenom, users.email, users.hashed_password, users.role, users.preferences, users.date_inscription, users.is_active, users.is_verified, users.email_verified_at, users.preferred_language, users.phone, users.avatar_url, users.created_at, users.updated_at 
FROM users 
WHERE users.email = %(email_1)s
2026-08-12 16:15:50 | INFO     | sqlalchemy.engine.Engine | SELECT users.id, users.nom, users.prenom, users.email, users.hashed_password, users.role, users.preferences, users.date_inscription, users.is_active, users.is_verified, users.email_verified_at, users.preferred_language, users.phone, users.avatar_url, users.created_at, users.updated_at 
FROM users 
WHERE users.email = %(email_1)s
2026-08-12 16:15:50,062 INFO sqlalchemy.engine.Engine [cached since 0.1857s ago] {'email_1': 'ali@test.com'}
2026-08-12 16:15:50 | INFO     | sqlalchemy.engine.Engine | [cached since 0.1857s ago] {'email_1': 'ali@test.com'}
2026-08-12 16:15:50,069 INFO sqlalchemy.engine.Engine ROLLBACK
2026-08-12 16:15:50 | INFO     | sqlalchemy.engine.Engine | ROLLBACK
2026-08-12 16:15:50 | INFO     | app.main | POST /api/v1/auth/login -> 401 (9.2 ms)
2026-08-12 16:15:50 | INFO     | httpx | HTTP Request: POST http://testserver/api/v1/auth/login "HTTP/1.1 401 Unauthorized"
.2026-08-12 16:15:50,071 INFO sqlalchemy.engine.Engine BEGIN (implicit)
2026-08-12 16:15:50 | INFO     | sqlalchemy.engine.Engine | BEGIN (implicit)
2026-08-12 16:15:50,071 INFO sqlalchemy.engine.Engine DELETE FROM password_reset_tokens
2026-08-12 16:15:50 | INFO     | sqlalchemy.engine.Engine | DELETE FROM password_reset_tokens
2026-08-12 16:15:50,071 INFO sqlalchemy.engine.Engine [generated in 0.00012s] {}
2026-08-12 16:15:50 | INFO     | sqlalchemy.engine.Engine | [generated in 0.00012s] {}
2026-08-12 16:15:50,072 INFO sqlalchemy.engine.Engine DELETE FROM email_verification_tokens
2026-08-12 16:15:50 | INFO     | sqlalchemy.engine.Engine | DELETE FROM email_verification_tokens
2026-08-12 16:15:50,072 INFO sqlalchemy.engine.Engine [generated in 0.00012s] {}
2026-08-12 16:15:50 | INFO     | sqlalchemy.engine.Engine | [generated in 0.00012s] {}
2026-08-12 16:15:50,073 INFO sqlalchemy.engine.Engine DELETE FROM users
2026-08-12 16:15:50 | INFO     | sqlalchemy.engine.Engine | DELETE FROM users
2026-08-12 16:15:50,073 INFO sqlalchemy.engine.Engine [generated in 0.00011s] {}
2026-08-12 16:15:50 | INFO     | sqlalchemy.engine.Engine | [generated in 0.00011s] {}
2026-08-12 16:15:50,078 INFO sqlalchemy.engine.Engine COMMIT
2026-08-12 16:15:50 | INFO     | sqlalchemy.engine.Engine | COMMIT


============================== warnings summary ===============================
.venv\Lib\site-packages\fastapi\testclient.py:1
  C:\Users\ChipTronics\Desktop\TouriBook\backend\.venv\Lib\site-packages\fastapi\testclient.py:1: StarletteDeprecationWarning: Using `httpx` with `starlette.testclient` is deprecated; install `httpx2` instead.
    from starlette.testclient import TestClient as TestClient  # noqa

.venv\Lib\site-packages\slowapi\extension.py:720: 12 warnings
  C:\Users\ChipTronics\Desktop\TouriBook\backend\.venv\Lib\site-packages\slowapi\extension.py:720: DeprecationWarning: 'asyncio.iscoroutinefunction' is deprecated and slated for removal in Python 3.16; use inspect.iscoroutinefunction() instead
    if asyncio.iscoroutinefunction(func):

-- Docs: https://docs.pytest.org/en/stable/how-to/capture-warnings.html
======================= 1 passed, 13 warnings in 1.79s ========================
